2015-07-13 08:49:54,634 INFO: microblog startup [in /home/marty331/Python/jake/app/__init__.py:32]
2015-07-13 08:49:54,790 INFO: microblog startup [in /home/marty331/Python/jake/app/__init__.py:32]
2015-07-13 08:55:06,010 INFO: microblog startup [in /home/marty331/Python/jake/app/__init__.py:32]
2015-07-13 08:55:12,585 INFO: microblog startup [in /home/marty331/Python/jake/app/__init__.py:32]
2015-07-13 08:55:12,740 INFO: microblog startup [in /home/marty331/Python/jake/app/__init__.py:32]
2015-07-13 08:55:20,136 INFO: index clicked [in /home/marty331/Python/jake/app/views.py:25]
2015-07-13 08:55:26,688 INFO: index clicked [in /home/marty331/Python/jake/app/views.py:25]
2015-07-13 08:55:38,603 INFO: index clicked [in /home/marty331/Python/jake/app/views.py:25]
2015-07-13 08:56:26,160 INFO: microblog startup [in /home/marty331/Python/jake/app/__init__.py:32]
2015-07-13 09:04:51,412 INFO: index clicked [in /home/marty331/Python/jake/app/views.py:25]
2015-07-13 09:04:59,204 INFO: index clicked [in /home/marty331/Python/jake/app/views.py:25]
2015-07-13 09:05:12,107 INFO: index clicked [in /home/marty331/Python/jake/app/views.py:25]
2015-07-13 09:05:29,106 INFO: microblog startup [in /home/marty331/Python/jake/app/__init__.py:32]
2015-07-13 09:05:44,909 INFO: microblog startup [in /home/marty331/Python/jake/app/__init__.py:32]
2015-07-13 09:05:45,077 INFO: microblog startup [in /home/marty331/Python/jake/app/__init__.py:32]
2015-07-13 09:05:48,511 INFO: index clicked [in /home/marty331/Python/jake/app/views.py:28]
2015-07-13 09:05:50,786 INFO: index clicked [in /home/marty331/Python/jake/app/views.py:28]
2015-07-13 09:14:43,498 INFO: microblog startup [in /home/marty331/Python/jake/app/__init__.py:32]
2015-07-13 09:14:43,657 INFO: microblog startup [in /home/marty331/Python/jake/app/__init__.py:32]
2015-07-13 09:14:51,746 INFO: index clicked [in /home/marty331/Python/jake/app/views.py:28]
2015-07-13 09:15:03,417 INFO: index clicked [in /home/marty331/Python/jake/app/views.py:28]
2015-07-13 09:15:35,009 INFO: microblog startup [in /home/marty331/Python/jake/app/__init__.py:32]
2015-07-13 09:15:39,694 INFO: index clicked [in /home/marty331/Python/jake/app/views.py:28]
2015-07-13 09:16:15,339 INFO: microblog startup [in /home/marty331/Python/jake/app/__init__.py:32]
2015-07-13 09:16:18,359 INFO: index clicked [in /home/marty331/Python/jake/app/views.py:28]
2015-07-13 09:16:25,235 INFO: microblog startup [in /home/marty331/Python/jake/app/__init__.py:32]
2015-07-13 09:16:25,391 INFO: microblog startup [in /home/marty331/Python/jake/app/__init__.py:32]
2015-07-13 09:16:29,388 INFO: index clicked [in /home/marty331/Python/jake/app/views.py:28]
2015-07-13 09:16:59,686 INFO: microblog startup [in /home/marty331/Python/jake/app/__init__.py:32]
2015-07-13 09:17:03,210 INFO: index clicked [in /home/marty331/Python/jake/app/views.py:28]
2015-07-13 09:17:03,213 INFO: time =00-00 timeString =2015-07-13 09:17 [in /home/marty331/Python/jake/app/views.py:35]
2015-07-13 09:17:19,932 INFO: microblog startup [in /home/marty331/Python/jake/app/__init__.py:32]
2015-07-13 09:17:23,399 INFO: index clicked [in /home/marty331/Python/jake/app/views.py:28]
2015-07-13 09:17:23,402 INFO: time =00-00 timeString =2015-07-13 09:17 [in /home/marty331/Python/jake/app/views.py:35]
2015-07-13 09:18:03,247 INFO: microblog startup [in /home/marty331/Python/jake/app/__init__.py:32]
2015-07-13 09:18:06,178 INFO: index clicked [in /home/marty331/Python/jake/app/views.py:28]
2015-07-13 09:18:06,180 INFO: time =00-00 timeString =2015-07-13 09:18 [in /home/marty331/Python/jake/app/views.py:35]
2015-07-13 09:18:06,222 INFO: index clicked [in /home/marty331/Python/jake/app/views.py:28]
2015-07-13 09:19:34,723 INFO: microblog startup [in /home/marty331/Python/jake/app/__init__.py:32]
2015-07-13 09:20:13,034 INFO: microblog startup [in /home/marty331/Python/jake/app/__init__.py:32]
2015-07-13 09:22:46,700 INFO: microblog startup [in /home/marty331/Python/jake/app/__init__.py:32]
2015-07-13 09:22:50,734 INFO: index clicked [in /home/marty331/Python/jake/app/views.py:28]
2015-07-13 09:23:01,636 INFO: index clicked [in /home/marty331/Python/jake/app/views.py:28]
2015-07-13 09:23:01,638 INFO: time =09:23 timeString =09:23 [in /home/marty331/Python/jake/app/views.py:37]
2015-07-13 09:23:01,673 INFO: index clicked [in /home/marty331/Python/jake/app/views.py:28]
2015-07-13 09:25:49,478 INFO: microblog startup [in /home/marty331/Python/jake/app/__init__.py:32]
2015-07-13 09:26:16,184 INFO: index clicked [in /home/marty331/Python/jake/app/views.py:28]
2015-07-13 09:26:22,846 INFO: index clicked [in /home/marty331/Python/jake/app/views.py:28]
2015-07-13 09:29:17,317 INFO: microblog startup [in /home/marty331/Python/jake/app/__init__.py:32]
2015-07-13 09:29:21,420 INFO: microblog startup [in /home/marty331/Python/jake/app/__init__.py:32]
2015-07-13 09:29:21,579 INFO: microblog startup [in /home/marty331/Python/jake/app/__init__.py:32]
2015-07-13 09:29:28,191 INFO: index clicked [in /home/marty331/Python/jake/app/views.py:28]
2015-07-13 09:29:43,642 INFO: index clicked [in /home/marty331/Python/jake/app/views.py:28]
2015-07-13 09:35:02,878 INFO: microblog startup [in /home/marty331/Python/jake/app/__init__.py:32]
2015-07-13 09:35:09,139 INFO: index clicked [in /home/marty331/Python/jake/app/views.py:28]
2015-07-13 09:35:21,162 INFO: index clicked [in /home/marty331/Python/jake/app/views.py:28]
2015-07-13 09:36:14,297 INFO: microblog startup [in /home/marty331/Python/jake/app/__init__.py:32]
2015-07-13 09:36:25,981 INFO: microblog startup [in /home/marty331/Python/jake/app/__init__.py:32]
2015-07-13 09:36:26,143 INFO: microblog startup [in /home/marty331/Python/jake/app/__init__.py:32]
2015-07-13 09:36:30,309 INFO: index clicked [in /home/marty331/Python/jake/app/views.py:28]
2015-07-13 09:36:31,826 INFO: index clicked [in /home/marty331/Python/jake/app/views.py:28]
2015-07-13 09:39:54,012 INFO: microblog startup [in /home/marty331/Python/jake/app/__init__.py:32]
2015-07-13 09:39:58,456 INFO: index clicked [in /home/marty331/Python/jake/app/views.py:28]
2015-07-13 09:40:05,337 INFO: index clicked [in /home/marty331/Python/jake/app/views.py:28]
2015-07-13 09:40:33,320 INFO: microblog startup [in /home/marty331/Python/jake/app/__init__.py:32]
2015-07-13 09:40:37,802 INFO: index clicked [in /home/marty331/Python/jake/app/views.py:28]
2015-07-13 09:41:29,681 INFO: microblog startup [in /home/marty331/Python/jake/app/__init__.py:32]
2015-07-13 09:41:34,835 INFO: index clicked [in /home/marty331/Python/jake/app/views.py:28]
2015-07-13 09:42:10,999 INFO: microblog startup [in /home/marty331/Python/jake/app/__init__.py:32]
2015-07-13 09:42:15,459 INFO: index clicked [in /home/marty331/Python/jake/app/views.py:28]
2015-07-13 09:42:15,463 INFO: time =<input id="dt" name="dt" type="date" value="2015-07-14"> timeString =09:42 form time=<input id="dt" name="dt" type="date" value="2015-07-14"> [in /home/marty331/Python/jake/app/views.py:39]
2015-07-13 09:42:15,493 INFO: index clicked [in /home/marty331/Python/jake/app/views.py:28]
2015-07-13 09:42:21,516 INFO: index clicked [in /home/marty331/Python/jake/app/views.py:28]
2015-07-13 09:42:21,517 INFO: time =<input id="dt" name="dt" type="date" value="2015-07-21"> timeString =09:42 form time=<input id="dt" name="dt" type="date" value="2015-07-21"> [in /home/marty331/Python/jake/app/views.py:39]
2015-07-13 10:31:26,337 INFO: microblog startup [in /home/marty331/Python/jake/app/__init__.py:32]
2015-07-13 10:31:36,609 INFO: index clicked [in /home/marty331/Python/jake/app/views.py:28]
2015-07-13 10:31:36,611 INFO: time =<input id="dt" name="dt" type="datetime" value="2015-07-21"> timeString =10:31 form time=<input id="dt" name="dt" type="datetime" value="2015-07-21"> [in /home/marty331/Python/jake/app/views.py:39]
2015-07-13 10:31:36,639 INFO: index clicked [in /home/marty331/Python/jake/app/views.py:28]
2015-07-13 10:31:43,564 INFO: index clicked [in /home/marty331/Python/jake/app/views.py:28]
2015-07-13 10:33:32,933 INFO: microblog startup [in /home/marty331/Python/jake/app/__init__.py:32]
2015-07-13 10:34:08,223 INFO: microblog startup [in /home/marty331/Python/jake/app/__init__.py:32]
2015-07-13 10:34:12,661 INFO: index clicked [in /home/marty331/Python/jake/app/views.py:28]
2015-07-13 10:34:15,857 INFO: index clicked [in /home/marty331/Python/jake/app/views.py:28]
2015-07-13 10:34:42,513 INFO: microblog startup [in /home/marty331/Python/jake/app/__init__.py:32]
2015-07-13 10:34:46,392 INFO: index clicked [in /home/marty331/Python/jake/app/views.py:28]
2015-07-13 10:34:48,145 INFO: index clicked [in /home/marty331/Python/jake/app/views.py:28]
2015-07-13 10:47:17,767 INFO: microblog startup [in /home/marty331/Python/jake/app/__init__.py:32]
2015-07-13 10:47:27,805 INFO: microblog startup [in /home/marty331/Python/jake/app/__init__.py:32]
2015-07-13 10:47:59,521 INFO: microblog startup [in /home/marty331/Python/jake/app/__init__.py:32]
2015-07-13 10:48:20,401 INFO: microblog startup [in /home/marty331/Python/jake/app/__init__.py:32]
2015-07-13 10:50:43,791 INFO: microblog startup [in /home/marty331/Python/jake/app/__init__.py:32]
2015-07-13 10:51:16,246 INFO: microblog startup [in /home/marty331/Python/jake/app/__init__.py:32]
2015-07-13 10:52:50,159 INFO: microblog startup [in /home/marty331/Python/jake/app/__init__.py:32]
2015-07-13 10:53:26,134 INFO: microblog startup [in /home/marty331/Python/jake/app/__init__.py:32]
2015-07-13 10:54:39,056 INFO: microblog startup [in /home/marty331/Python/jake/app/__init__.py:32]
2015-07-13 10:55:51,820 INFO: microblog startup [in /home/marty331/Python/jake/app/__init__.py:32]
2015-07-13 12:24:02,949 INFO: microblog startup [in /home/marty331/Python/jake/app/__init__.py:32]
2015-07-13 12:24:36,608 INFO: microblog startup [in /home/marty331/Python/jake/app/__init__.py:32]
2015-07-13 12:25:13,623 INFO: microblog startup [in /home/marty331/Python/jake/app/__init__.py:32]
2015-07-13 12:25:25,606 INFO: microblog startup [in /home/marty331/Python/jake/app/__init__.py:32]
2015-07-13 12:28:32,123 INFO: microblog startup [in /home/marty331/Python/jake/app/__init__.py:32]
2015-07-13 12:30:03,041 INFO: microblog startup [in /home/marty331/Python/jake/app/__init__.py:32]
2015-07-13 12:31:15,883 INFO: microblog startup [in /home/marty331/Python/jake/app/__init__.py:32]
2015-07-13 12:33:25,951 INFO: microblog startup [in /home/marty331/Python/jake/app/__init__.py:32]
2015-07-13 12:34:16,457 INFO: microblog startup [in /home/marty331/Python/jake/app/__init__.py:32]
2015-07-13 12:36:13,904 INFO: microblog startup [in /home/marty331/Python/jake/app/__init__.py:32]
2015-07-13 12:36:26,888 INFO: microblog startup [in /home/marty331/Python/jake/app/__init__.py:32]
2015-07-13 12:36:38,237 INFO: microblog startup [in /home/marty331/Python/jake/app/__init__.py:32]
2015-07-13 12:36:58,460 INFO: microblog startup [in /home/marty331/Python/jake/app/__init__.py:32]
2015-07-13 12:48:31,404 INFO: microblog startup [in /home/marty331/Python/jake/app/__init__.py:32]
2015-07-13 12:48:48,304 INFO: microblog startup [in /home/marty331/Python/jake/app/__init__.py:32]
2015-07-13 12:48:48,764 INFO: microblog startup [in /home/marty331/Python/jake/app/__init__.py:32]
2015-07-13 12:48:57,293 INFO: index clicked [in /home/marty331/Python/jake/app/views.py:28]
2015-07-13 12:49:04,037 INFO: index clicked [in /home/marty331/Python/jake/app/views.py:28]
2015-07-13 12:51:14,302 INFO: microblog startup [in /home/marty331/Python/jake/app/__init__.py:32]
2015-07-13 12:52:27,468 INFO: microblog startup [in /home/marty331/Python/jake/app/__init__.py:32]
2015-07-13 12:52:27,948 INFO: microblog startup [in /home/marty331/Python/jake/app/__init__.py:32]
2015-07-13 12:52:36,032 INFO: index clicked [in /home/marty331/Python/jake/app/views.py:28]
2015-07-13 12:53:38,933 INFO: microblog startup [in /home/marty331/Python/jake/app/__init__.py:32]
2015-07-13 12:53:46,566 INFO: index clicked [in /home/marty331/Python/jake/app/views.py:28]
2015-07-13 12:53:46,570 INFO: time =<input id="dt" name="dt" type="text" value="10:00 AM"> timeString =12:53 form time=<input id="dt" name="dt" type="text" value="10:00 AM"> [in /home/marty331/Python/jake/app/views.py:39]
2015-07-13 12:53:46,634 INFO: index clicked [in /home/marty331/Python/jake/app/views.py:28]
2015-07-13 12:54:12,958 INFO: index clicked [in /home/marty331/Python/jake/app/views.py:28]
2015-07-13 12:54:12,961 INFO: time =<input id="dt" name="dt" type="text" value=""> timeString =12:54 form time=<input id="dt" name="dt" type="text" value=""> [in /home/marty331/Python/jake/app/views.py:39]
2015-07-13 12:54:13,014 INFO: index clicked [in /home/marty331/Python/jake/app/views.py:28]
2015-07-13 12:55:40,393 INFO: microblog startup [in /home/marty331/Python/jake/app/__init__.py:32]
2015-07-13 12:59:19,409 INFO: microblog startup [in /home/marty331/Python/jake/app/__init__.py:32]
2015-07-13 12:59:25,557 INFO: index clicked [in /home/marty331/Python/jake/app/views.py:28]
2015-07-13 12:59:40,764 INFO: index clicked [in /home/marty331/Python/jake/app/views.py:28]
2015-07-13 13:05:45,605 INFO: microblog startup [in /home/marty331/Python/jake/app/__init__.py:32]
2015-07-13 13:07:32,842 INFO: microblog startup [in /home/marty331/Python/jake/app/__init__.py:32]
2015-07-13 13:07:44,482 INFO: index clicked [in /home/marty331/Python/jake/app/views.py:28]
2015-07-13 13:09:49,311 INFO: microblog startup [in /home/marty331/Python/jake/app/__init__.py:32]
2015-07-13 13:09:58,794 INFO: index clicked [in /home/marty331/Python/jake/app/views.py:28]
2015-07-13 13:12:24,887 INFO: microblog startup [in /home/marty331/Python/jake/app/__init__.py:32]
2015-07-13 13:12:32,100 INFO: index clicked [in /home/marty331/Python/jake/app/views.py:28]
2015-07-13 13:13:09,746 INFO: microblog startup [in /home/marty331/Python/jake/app/__init__.py:32]
2015-07-13 13:13:14,441 INFO: index clicked [in /home/marty331/Python/jake/app/views.py:28]
2015-07-13 13:13:54,633 INFO: microblog startup [in /home/marty331/Python/jake/app/__init__.py:32]
2015-07-13 13:13:58,293 INFO: index clicked [in /home/marty331/Python/jake/app/views.py:28]
2015-07-13 13:14:36,426 INFO: microblog startup [in /home/marty331/Python/jake/app/__init__.py:32]
2015-07-13 13:14:42,739 INFO: index clicked [in /home/marty331/Python/jake/app/views.py:28]
2015-07-13 13:14:42,742 INFO: time =None [in /home/marty331/Python/jake/app/views.py:40]
2015-07-13 13:14:42,811 INFO: index clicked [in /home/marty331/Python/jake/app/views.py:28]
2015-07-13 13:14:57,884 INFO: index clicked [in /home/marty331/Python/jake/app/views.py:28]
2015-07-13 13:14:57,886 INFO: time =None [in /home/marty331/Python/jake/app/views.py:40]
2015-07-13 13:22:36,294 INFO: microblog startup [in /home/marty331/Python/jake/app/__init__.py:32]
2015-07-13 13:22:44,575 INFO: index clicked [in /home/marty331/Python/jake/app/views.py:28]
2015-07-13 13:22:44,577 INFO: time =14:01 [in /home/marty331/Python/jake/app/views.py:40]
2015-07-13 13:22:44,640 INFO: index clicked [in /home/marty331/Python/jake/app/views.py:28]
2015-07-13 13:23:01,397 INFO: index clicked [in /home/marty331/Python/jake/app/views.py:28]
2015-07-13 13:23:01,399 INFO: time =13:01 [in /home/marty331/Python/jake/app/views.py:40]
2015-07-13 13:23:01,430 INFO: index clicked [in /home/marty331/Python/jake/app/views.py:28]
2015-07-13 13:25:01,947 INFO: microblog startup [in /home/marty331/Python/jake/app/__init__.py:32]
2015-07-13 13:25:19,495 INFO: index clicked [in /home/marty331/Python/jake/app/views.py:28]
2015-07-13 13:25:19,498 INFO: time =01:00 [in /home/marty331/Python/jake/app/views.py:40]
2015-07-13 13:25:19,560 INFO: index clicked [in /home/marty331/Python/jake/app/views.py:28]
2015-07-13 13:29:36,574 INFO: index clicked [in /home/marty331/Python/jake/app/views.py:28]
2015-07-13 13:31:51,520 INFO: index clicked [in /home/marty331/Python/jake/app/views.py:28]
2015-07-13 13:33:01,347 INFO: index clicked [in /home/marty331/Python/jake/app/views.py:28]
2015-07-13 13:33:19,126 INFO: index clicked [in /home/marty331/Python/jake/app/views.py:28]
2015-07-13 13:33:34,935 INFO: index clicked [in /home/marty331/Python/jake/app/views.py:28]
2015-07-13 13:34:37,447 INFO: index clicked [in /home/marty331/Python/jake/app/views.py:28]
2015-07-13 13:35:07,277 INFO: index clicked [in /home/marty331/Python/jake/app/views.py:28]
2015-07-13 13:36:13,412 INFO: index clicked [in /home/marty331/Python/jake/app/views.py:28]
2015-07-13 13:38:04,183 INFO: microblog startup [in /home/marty331/Python/jake/app/__init__.py:32]
2015-07-13 13:38:06,542 INFO: index clicked [in /home/marty331/Python/jake/app/views.py:28]
2015-07-13 13:38:21,679 INFO: index clicked [in /home/marty331/Python/jake/app/views.py:28]
2015-07-13 13:40:47,811 INFO: microblog startup [in /home/marty331/Python/jake/app/__init__.py:32]
2015-07-13 13:41:23,161 INFO: index clicked [in /home/marty331/Python/jake/app/views.py:28]
2015-07-13 13:41:27,618 INFO: index clicked [in /home/marty331/Python/jake/app/views.py:28]
2015-07-13 13:41:40,874 INFO: index clicked [in /home/marty331/Python/jake/app/views.py:28]
2015-07-13 13:43:05,379 INFO: microblog startup [in /home/marty331/Python/jake/app/__init__.py:32]
2015-07-13 13:43:13,590 INFO: index clicked [in /home/marty331/Python/jake/app/views.py:28]
2015-07-13 13:43:25,877 INFO: index clicked [in /home/marty331/Python/jake/app/views.py:28]
2015-07-13 13:44:00,316 INFO: microblog startup [in /home/marty331/Python/jake/app/__init__.py:32]
2015-07-13 13:44:06,116 INFO: index clicked [in /home/marty331/Python/jake/app/views.py:28]
2015-07-13 13:44:06,118 INFO: time =16:02 [in /home/marty331/Python/jake/app/views.py:41]
2015-07-13 13:44:06,176 INFO: index clicked [in /home/marty331/Python/jake/app/views.py:28]
2015-07-13 13:44:20,204 INFO: index clicked [in /home/marty331/Python/jake/app/views.py:28]
2015-07-13 13:44:20,205 INFO: time =02:01 [in /home/marty331/Python/jake/app/views.py:41]
2015-07-13 13:44:20,239 INFO: index clicked [in /home/marty331/Python/jake/app/views.py:28]
2015-07-13 13:47:25,293 INFO: microblog startup [in /home/marty331/Python/jake/app/__init__.py:32]
2015-07-13 13:47:39,056 INFO: index clicked [in /home/marty331/Python/jake/app/views.py:28]
2015-07-13 13:47:52,990 INFO: index clicked [in /home/marty331/Python/jake/app/views.py:28]
2015-07-13 13:48:07,090 INFO: microblog startup [in /home/marty331/Python/jake/app/__init__.py:32]
2015-07-13 13:48:17,689 INFO: microblog startup [in /home/marty331/Python/jake/app/__init__.py:32]
2015-07-13 13:48:20,855 INFO: index clicked [in /home/marty331/Python/jake/app/views.py:28]
2015-07-13 13:48:20,859 INFO: time =14:07 value =[] [in /home/marty331/Python/jake/app/views.py:42]
2015-07-13 13:48:20,924 INFO: index clicked [in /home/marty331/Python/jake/app/views.py:28]
2015-07-13 13:48:32,185 INFO: index clicked [in /home/marty331/Python/jake/app/views.py:28]
2015-07-13 13:48:32,187 INFO: time =16:02 value =[] [in /home/marty331/Python/jake/app/views.py:42]
2015-07-13 13:48:50,193 INFO: index clicked [in /home/marty331/Python/jake/app/views.py:28]
2015-07-13 13:48:50,195 INFO: time =16:02 value =[] [in /home/marty331/Python/jake/app/views.py:42]
2015-07-13 13:49:13,303 INFO: index clicked [in /home/marty331/Python/jake/app/views.py:28]
2015-07-13 13:49:28,779 INFO: index clicked [in /home/marty331/Python/jake/app/views.py:28]
2015-07-13 13:49:28,782 INFO: time =17:20 value =[] [in /home/marty331/Python/jake/app/views.py:42]
2015-07-13 13:49:28,814 INFO: index clicked [in /home/marty331/Python/jake/app/views.py:28]
2015-07-13 13:51:00,409 INFO: microblog startup [in /home/marty331/Python/jake/app/__init__.py:32]
2015-07-13 13:51:05,573 INFO: index clicked [in /home/marty331/Python/jake/app/views.py:28]
2015-07-13 13:51:19,358 INFO: index clicked [in /home/marty331/Python/jake/app/views.py:28]
2015-07-13 13:51:38,215 INFO: microblog startup [in /home/marty331/Python/jake/app/__init__.py:32]
2015-07-13 13:51:43,216 INFO: index clicked [in /home/marty331/Python/jake/app/views.py:28]
2015-07-13 13:51:49,619 INFO: index clicked [in /home/marty331/Python/jake/app/views.py:28]
2015-07-13 13:52:03,307 INFO: index clicked [in /home/marty331/Python/jake/app/views.py:28]
2015-07-13 13:58:39,602 INFO: microblog startup [in /home/marty331/Python/jake/app/__init__.py:32]
2015-07-13 13:58:45,770 INFO: index clicked [in /home/marty331/Python/jake/app/views.py:28]
2015-07-13 13:58:45,772 INFO: time =02:58 value =[] [in /home/marty331/Python/jake/app/views.py:42]
2015-07-13 13:58:45,831 INFO: index clicked [in /home/marty331/Python/jake/app/views.py:28]
2015-07-13 13:58:59,681 INFO: index clicked [in /home/marty331/Python/jake/app/views.py:28]
2015-07-13 13:58:59,683 INFO: time =23:58 value =[] [in /home/marty331/Python/jake/app/views.py:42]
2015-07-13 13:58:59,714 INFO: index clicked [in /home/marty331/Python/jake/app/views.py:28]
2015-07-13 13:59:29,554 INFO: microblog startup [in /home/marty331/Python/jake/app/__init__.py:32]
2015-07-13 13:59:40,360 INFO: index clicked [in /home/marty331/Python/jake/app/views.py:28]
2015-07-13 14:00:25,503 INFO: microblog startup [in /home/marty331/Python/jake/app/__init__.py:32]
2015-07-13 14:00:28,474 INFO: index clicked [in /home/marty331/Python/jake/app/views.py:28]
2015-07-13 14:00:28,476 INFO: time =10:58 value =[] [in /home/marty331/Python/jake/app/views.py:42]
2015-07-13 14:00:28,476 INFO: [] [in /home/marty331/Python/jake/app/views.py:43]
2015-07-13 14:00:28,552 INFO: index clicked [in /home/marty331/Python/jake/app/views.py:28]
2015-07-13 14:00:39,765 INFO: index clicked [in /home/marty331/Python/jake/app/views.py:28]
2015-07-13 14:00:39,766 INFO: time =21:58 value =[] [in /home/marty331/Python/jake/app/views.py:42]
2015-07-13 14:00:39,767 INFO: [] [in /home/marty331/Python/jake/app/views.py:43]
2015-07-13 14:00:39,809 INFO: index clicked [in /home/marty331/Python/jake/app/views.py:28]
2015-07-13 14:01:08,318 INFO: index clicked [in /home/marty331/Python/jake/app/views.py:28]
2015-07-13 14:01:08,320 INFO: time =20:58 value =[] [in /home/marty331/Python/jake/app/views.py:42]
2015-07-13 14:01:08,320 INFO: [] [in /home/marty331/Python/jake/app/views.py:43]
2015-07-13 14:01:08,355 INFO: index clicked [in /home/marty331/Python/jake/app/views.py:28]
2015-07-13 14:02:19,800 INFO: index clicked [in /home/marty331/Python/jake/app/views.py:28]
2015-07-13 14:02:38,196 INFO: index clicked [in /home/marty331/Python/jake/app/views.py:28]
2015-07-13 14:02:38,197 INFO: time =03:26 value =[u'Mon'] [in /home/marty331/Python/jake/app/views.py:42]
2015-07-13 14:02:38,198 INFO: [u'Mon'] [in /home/marty331/Python/jake/app/views.py:43]
2015-07-13 14:02:38,229 INFO: index clicked [in /home/marty331/Python/jake/app/views.py:28]
2015-07-13 14:04:22,355 INFO: index clicked [in /home/marty331/Python/jake/app/views.py:28]
2015-07-13 14:04:38,027 INFO: index clicked [in /home/marty331/Python/jake/app/views.py:28]
2015-07-13 14:04:38,029 INFO: time =05:03 value =[u'Mon', u'Wed', u'Fri'] [in /home/marty331/Python/jake/app/views.py:42]
2015-07-13 14:04:38,029 INFO: [u'Mon', u'Wed', u'Fri'] [in /home/marty331/Python/jake/app/views.py:43]
2015-07-13 14:04:38,064 INFO: index clicked [in /home/marty331/Python/jake/app/views.py:28]
2015-07-13 14:07:15,996 INFO: microblog startup [in /home/marty331/Python/jake/app/__init__.py:32]
2015-07-13 14:07:43,819 INFO: index clicked [in /home/marty331/Python/jake/app/views.py:28]
2015-07-13 14:07:43,821 INFO: time =02:01 value =[u'Mon', u'Tue', u'Fri'] [in /home/marty331/Python/jake/app/views.py:42]
2015-07-13 14:07:43,821 INFO: [u'Mon', u'Tue', u'Fri'] [in /home/marty331/Python/jake/app/views.py:43]
2015-07-13 14:07:55,782 INFO: index clicked [in /home/marty331/Python/jake/app/views.py:28]
2015-07-13 14:08:08,237 INFO: index clicked [in /home/marty331/Python/jake/app/views.py:28]
2015-07-13 14:08:08,239 INFO: time =22:52 value =[u'Mon', u'Fri'] [in /home/marty331/Python/jake/app/views.py:42]
2015-07-13 14:08:08,240 INFO: [u'Mon', u'Fri'] [in /home/marty331/Python/jake/app/views.py:43]
2015-07-13 14:08:08,287 INFO: index clicked [in /home/marty331/Python/jake/app/views.py:28]
2015-07-13 14:08:31,120 INFO: microblog startup [in /home/marty331/Python/jake/app/__init__.py:32]
2015-07-13 14:08:48,594 INFO: index clicked [in /home/marty331/Python/jake/app/views.py:28]
2015-07-13 14:08:48,597 INFO: time =21:49 value =[u'Mon', u'Wed', u'Fri'] [in /home/marty331/Python/jake/app/views.py:42]
2015-07-13 14:08:48,598 INFO: [u'Mon', u'Wed', u'Fri'] [in /home/marty331/Python/jake/app/views.py:43]
2015-07-13 14:08:48,687 INFO: index clicked [in /home/marty331/Python/jake/app/views.py:28]
2015-07-13 15:27:01,437 INFO: microblog startup [in /home/marty331/Python/jake/app/__init__.py:32]
2015-07-13 15:27:24,312 INFO: index clicked [in /home/marty331/Python/jake/app/views.py:28]
2015-07-13 15:29:17,066 INFO: microblog startup [in /home/marty331/Python/jake/app/__init__.py:32]
2015-07-13 15:29:28,623 INFO: index clicked [in /home/marty331/Python/jake/app/views.py:28]
2015-07-13 15:29:28,624 INFO: time =03:01 value =[u'Mon'] [in /home/marty331/Python/jake/app/views.py:42]
2015-07-13 15:29:28,624 INFO: [u'Mon'] [in /home/marty331/Python/jake/app/views.py:43]
2015-07-13 15:29:28,669 INFO: index clicked [in /home/marty331/Python/jake/app/views.py:28]
2015-07-13 15:29:54,584 INFO: index clicked [in /home/marty331/Python/jake/app/views.py:28]
2015-07-13 15:29:54,585 INFO: time =15:02 value =[u'Mon', u'Tue', u'Wed', u'Thu', u'Fri'] [in /home/marty331/Python/jake/app/views.py:42]
2015-07-13 15:29:54,585 INFO: [u'Mon', u'Tue', u'Wed', u'Thu', u'Fri'] [in /home/marty331/Python/jake/app/views.py:43]
2015-07-13 15:29:54,618 INFO: index clicked [in /home/marty331/Python/jake/app/views.py:28]
2015-07-13 15:54:58,781 INFO: microblog startup [in /home/marty331/Python/jake/app/__init__.py:32]
2015-07-13 15:57:22,251 INFO: index clicked [in /home/marty331/Python/jake/app/views.py:28]
2015-07-13 15:57:22,252 INFO: time =03:01 value =[u'Mon'] [in /home/marty331/Python/jake/app/views.py:42]
2015-07-13 15:57:22,252 INFO: [u'Mon'] [in /home/marty331/Python/jake/app/views.py:43]
2015-07-13 15:57:22,294 INFO: index clicked [in /home/marty331/Python/jake/app/views.py:28]
2015-07-13 15:58:06,607 INFO: microblog startup [in /home/marty331/Python/jake/app/__init__.py:32]
2015-07-13 15:58:14,959 INFO: index clicked [in /home/marty331/Python/jake/app/views.py:28]
2015-07-13 15:58:14,960 INFO: time =02:01 value =[u'Mon'] [in /home/marty331/Python/jake/app/views.py:42]
2015-07-13 15:58:14,960 INFO: [u'Mon'] [in /home/marty331/Python/jake/app/views.py:43]
2015-07-13 15:58:15,009 INFO: index clicked [in /home/marty331/Python/jake/app/views.py:28]
2015-07-13 15:58:23,844 INFO: microblog startup [in /home/marty331/Python/jake/app/__init__.py:32]
2015-07-13 15:59:13,332 INFO: index clicked [in /home/marty331/Python/jake/app/views.py:28]
2015-07-13 15:59:27,668 INFO: index clicked [in /home/marty331/Python/jake/app/views.py:28]
2015-07-13 15:59:27,669 INFO: time =01:00 value =[u'Mon'] [in /home/marty331/Python/jake/app/views.py:42]
2015-07-13 15:59:27,669 INFO: [u'Mon'] [in /home/marty331/Python/jake/app/views.py:43]
2015-07-13 15:59:27,717 INFO: index clicked [in /home/marty331/Python/jake/app/views.py:28]
2015-07-13 15:59:48,528 INFO: index clicked [in /home/marty331/Python/jake/app/views.py:28]
2015-07-13 15:59:48,529 INFO: time =01:00 value =[u'Mon'] [in /home/marty331/Python/jake/app/views.py:42]
2015-07-13 15:59:48,529 INFO: [u'Mon'] [in /home/marty331/Python/jake/app/views.py:43]
2015-07-13 15:59:48,562 INFO: index clicked [in /home/marty331/Python/jake/app/views.py:28]
2015-07-13 16:00:07,118 INFO: index clicked [in /home/marty331/Python/jake/app/views.py:28]
2015-07-13 16:00:07,119 INFO: time =01:00 value =[u'Mon'] [in /home/marty331/Python/jake/app/views.py:42]
2015-07-13 16:00:07,119 INFO: [u'Mon'] [in /home/marty331/Python/jake/app/views.py:43]
2015-07-13 16:00:07,159 INFO: index clicked [in /home/marty331/Python/jake/app/views.py:28]
2015-07-13 16:06:24,245 INFO: index clicked [in /home/marty331/Python/jake/app/views.py:28]
2015-07-13 16:06:24,245 INFO: time = value =[] [in /home/marty331/Python/jake/app/views.py:42]
2015-07-13 16:06:24,245 INFO: [] [in /home/marty331/Python/jake/app/views.py:43]
2015-07-13 16:06:24,289 INFO: index clicked [in /home/marty331/Python/jake/app/views.py:28]
2015-07-13 16:08:46,450 INFO: index clicked [in /home/marty331/Python/jake/app/views.py:28]
2015-07-13 21:37:38,035 INFO: index clicked [in /home/marty331/Python/jake/app/views.py:28]
2015-07-13 21:42:24,807 INFO: microblog startup [in /home/marty331/Python/jake/app/__init__.py:32]
2015-07-13 21:44:53,671 INFO: index clicked [in /home/marty331/Python/jake/app/views.py:28]
2015-07-13 21:45:19,703 INFO: index clicked [in /home/marty331/Python/jake/app/views.py:28]
2015-07-13 21:45:46,332 INFO: index clicked [in /home/marty331/Python/jake/app/views.py:28]
2015-07-13 21:45:46,335 INFO: time =15:01 value =[u'Mon', u'Tue', u'Wed', u'Thu', u'Fri'] [in /home/marty331/Python/jake/app/views.py:42]
2015-07-13 21:45:46,335 INFO: [u'Mon', u'Tue', u'Wed', u'Thu', u'Fri'] [in /home/marty331/Python/jake/app/views.py:43]
2015-07-13 21:45:46,410 INFO: index clicked [in /home/marty331/Python/jake/app/views.py:28]
2015-07-13 21:50:46,944 INFO: microblog startup [in /home/marty331/Python/jake/app/__init__.py:32]
2015-07-13 21:51:04,880 INFO: index clicked [in /home/marty331/Python/jake/app/views.py:28]
2015-07-13 21:51:17,921 INFO: index clicked [in /home/marty331/Python/jake/app/views.py:28]
2015-07-13 21:52:44,264 INFO: microblog startup [in /home/marty331/Python/jake/app/__init__.py:32]
2015-07-13 21:52:51,701 INFO: index clicked [in /home/marty331/Python/jake/app/views.py:28]
2015-07-13 21:52:55,824 INFO: index clicked [in /home/marty331/Python/jake/app/views.py:28]
2015-07-13 21:53:06,381 INFO: index clicked [in /home/marty331/Python/jake/app/views.py:28]
2015-07-13 21:54:44,621 INFO: microblog startup [in /home/marty331/Python/jake/app/__init__.py:32]
2015-07-13 21:54:55,157 INFO: index clicked [in /home/marty331/Python/jake/app/views.py:28]
2015-07-13 21:55:03,384 INFO: index clicked [in /home/marty331/Python/jake/app/views.py:28]
2015-07-13 21:56:08,728 INFO: microblog startup [in /home/marty331/Python/jake/app/__init__.py:32]
2015-07-13 21:56:14,735 INFO: index clicked [in /home/marty331/Python/jake/app/views.py:28]
2015-07-13 21:56:22,626 INFO: index clicked [in /home/marty331/Python/jake/app/views.py:28]
2015-07-13 21:57:36,885 INFO: microblog startup [in /home/marty331/Python/jake/app/__init__.py:32]
2015-07-13 21:57:41,518 INFO: index clicked [in /home/marty331/Python/jake/app/views.py:28]
2015-07-13 21:57:51,059 INFO: index clicked [in /home/marty331/Python/jake/app/views.py:28]
2015-07-13 21:57:51,064 INFO: time =1900-01-01 14:01:00 [in /home/marty331/Python/jake/app/views.py:39]
2015-07-13 22:00:36,688 INFO: microblog startup [in /home/marty331/Python/jake/app/__init__.py:32]
2015-07-13 22:00:42,452 INFO: index clicked [in /home/marty331/Python/jake/app/views.py:28]
2015-07-13 22:00:51,945 INFO: index clicked [in /home/marty331/Python/jake/app/views.py:28]
2015-07-13 22:00:51,951 INFO: time =1900-01-01 14:01:00 [in /home/marty331/Python/jake/app/views.py:39]
2015-07-13 22:01:26,675 INFO: microblog startup [in /home/marty331/Python/jake/app/__init__.py:32]
2015-07-13 22:01:30,169 INFO: index clicked [in /home/marty331/Python/jake/app/views.py:28]
2015-07-13 22:01:39,732 INFO: index clicked [in /home/marty331/Python/jake/app/views.py:28]
2015-07-13 22:01:39,736 INFO: time =1900-01-01 01:01:00 [in /home/marty331/Python/jake/app/views.py:39]
2015-07-13 22:15:31,118 INFO: microblog startup [in /home/marty331/Python/jake/app/__init__.py:32]
2015-07-13 22:15:37,971 INFO: index clicked [in /home/marty331/Python/jake/app/views.py:28]
2015-07-13 22:15:45,912 INFO: index clicked [in /home/marty331/Python/jake/app/views.py:28]
2015-07-13 22:16:24,020 INFO: microblog startup [in /home/marty331/Python/jake/app/__init__.py:32]
2015-07-13 22:16:35,289 INFO: index clicked [in /home/marty331/Python/jake/app/views.py:28]
2015-07-13 22:16:44,606 INFO: index clicked [in /home/marty331/Python/jake/app/views.py:28]
2015-07-13 22:16:44,611 INFO: time =14:01:00 [in /home/marty331/Python/jake/app/views.py:39]
2015-07-13 22:17:03,825 INFO: microblog startup [in /home/marty331/Python/jake/app/__init__.py:32]
2015-07-13 22:17:07,488 INFO: index clicked [in /home/marty331/Python/jake/app/views.py:28]
2015-07-13 22:17:15,108 INFO: index clicked [in /home/marty331/Python/jake/app/views.py:28]
2015-07-13 22:17:15,114 INFO: time =14:01:00 [in /home/marty331/Python/jake/app/views.py:39]
2015-07-13 22:17:15,115 INFO: time =02:01 pm [in /home/marty331/Python/jake/app/views.py:41]
2015-07-13 22:17:15,116 INFO: time =14:01 value =[u'Mon'] [in /home/marty331/Python/jake/app/views.py:46]
2015-07-13 22:17:15,116 INFO: [u'Mon'] [in /home/marty331/Python/jake/app/views.py:47]
2015-07-13 22:17:15,176 INFO: index clicked [in /home/marty331/Python/jake/app/views.py:28]
2015-07-13 22:23:23,124 INFO: microblog startup [in /home/marty331/Python/jake/app/__init__.py:32]
2015-07-13 22:24:57,061 INFO: index clicked [in /home/marty331/Python/jake/app/views.py:28]
2015-07-13 22:25:44,412 INFO: index clicked [in /home/marty331/Python/jake/app/views.py:28]
2015-07-13 22:26:00,547 INFO: index clicked [in /home/marty331/Python/jake/app/views.py:28]
2015-07-13 22:26:00,550 INFO: time =14:06:00 [in /home/marty331/Python/jake/app/views.py:39]
2015-07-13 22:26:00,550 INFO: time =02:06 pm [in /home/marty331/Python/jake/app/views.py:41]
2015-07-13 22:26:00,551 INFO: time =14:06 value =[u'Mon', u'Wed', u'Fri'] [in /home/marty331/Python/jake/app/views.py:46]
2015-07-13 22:26:00,551 INFO: [u'Mon', u'Wed', u'Fri'] [in /home/marty331/Python/jake/app/views.py:47]
2015-07-13 22:26:00,624 INFO: index clicked [in /home/marty331/Python/jake/app/views.py:28]
2015-07-13 22:27:10,279 INFO: index clicked [in /home/marty331/Python/jake/app/views.py:28]
2015-07-13 22:27:27,387 INFO: index clicked [in /home/marty331/Python/jake/app/views.py:28]
2015-07-13 22:27:31,907 INFO: index clicked [in /home/marty331/Python/jake/app/views.py:28]
2015-07-13 22:27:59,319 INFO: index clicked [in /home/marty331/Python/jake/app/views.py:28]
2015-07-13 22:29:07,447 INFO: index clicked [in /home/marty331/Python/jake/app/views.py:28]
2015-07-13 22:30:45,384 INFO: index clicked [in /home/marty331/Python/jake/app/views.py:28]
2015-07-13 22:33:11,272 INFO: index clicked [in /home/marty331/Python/jake/app/views.py:28]
2015-07-13 22:39:14,850 INFO: microblog startup [in /home/marty331/Python/jake/app/__init__.py:32]
2015-07-13 22:39:15,134 INFO: microblog startup [in /home/marty331/Python/jake/app/__init__.py:32]
2015-07-13 22:41:31,506 INFO: index clicked [in /home/marty331/Python/jake/app/views.py:28]
2015-07-13 22:42:42,148 INFO: index clicked [in /home/marty331/Python/jake/app/views.py:28]
2015-07-13 22:43:03,512 INFO: index clicked [in /home/marty331/Python/jake/app/views.py:28]
2015-07-13 22:46:25,804 INFO: index clicked [in /home/marty331/Python/jake/app/views.py:28]
2015-07-13 22:46:47,236 INFO: index clicked [in /home/marty331/Python/jake/app/views.py:28]
2015-07-13 22:47:06,306 INFO: index clicked [in /home/marty331/Python/jake/app/views.py:28]
2015-07-13 23:01:23,353 INFO: microblog startup [in /home/marty331/Python/jake/app/__init__.py:32]
2015-07-13 23:01:26,365 INFO: index clicked [in /home/marty331/Python/jake/app/views.py:29]
2015-07-13 23:15:20,454 INFO: microblog startup [in /home/marty331/Python/jake/app/__init__.py:32]
2015-07-13 23:15:37,700 INFO: index clicked [in /home/marty331/Python/jake/app/views.py:29]
2015-07-13 23:16:34,199 INFO: index clicked [in /home/marty331/Python/jake/app/views.py:29]
2015-07-13 23:16:43,344 INFO: index clicked [in /home/marty331/Python/jake/app/views.py:29]
2015-07-13 23:18:17,478 INFO: microblog startup [in /home/marty331/Python/jake/app/__init__.py:32]
2015-07-13 23:18:24,426 INFO: index clicked [in /home/marty331/Python/jake/app/views.py:29]
2015-07-13 23:18:33,146 INFO: index clicked [in /home/marty331/Python/jake/app/views.py:29]
2015-07-13 23:18:58,959 INFO: microblog startup [in /home/marty331/Python/jake/app/__init__.py:32]
2015-07-13 23:19:02,524 INFO: index clicked [in /home/marty331/Python/jake/app/views.py:29]
2015-07-13 23:19:10,289 INFO: index clicked [in /home/marty331/Python/jake/app/views.py:29]
2015-07-13 23:19:37,408 INFO: microblog startup [in /home/marty331/Python/jake/app/__init__.py:32]
2015-07-13 23:19:41,571 INFO: index clicked [in /home/marty331/Python/jake/app/views.py:29]
2015-07-13 23:19:50,642 INFO: index clicked [in /home/marty331/Python/jake/app/views.py:29]
2015-07-13 23:20:52,191 INFO: index clicked [in /home/marty331/Python/jake/app/views.py:29]
2015-07-13 23:21:23,179 INFO: microblog startup [in /home/marty331/Python/jake/app/__init__.py:32]
2015-07-13 23:21:32,113 INFO: index clicked [in /home/marty331/Python/jake/app/views.py:29]
2015-07-13 23:22:24,722 INFO: microblog startup [in /home/marty331/Python/jake/app/__init__.py:32]
2015-07-13 23:22:28,985 INFO: index clicked [in /home/marty331/Python/jake/app/views.py:29]
2015-07-13 23:22:37,611 INFO: index clicked [in /home/marty331/Python/jake/app/views.py:29]
2015-07-13 23:22:37,612 INFO: time =23:58:00 [in /home/marty331/Python/jake/app/views.py:42]
2015-07-13 23:22:37,612 INFO: time =11:58 pm [in /home/marty331/Python/jake/app/views.py:44]
2015-07-13 23:22:37,612 INFO: time =23:58 value =[u'Mon'] [in /home/marty331/Python/jake/app/views.py:49]
2015-07-13 23:22:37,612 INFO: [u'Mon'] [in /home/marty331/Python/jake/app/views.py:50]
2015-07-13 23:22:37,656 INFO: index clicked [in /home/marty331/Python/jake/app/views.py:29]
2015-07-13 23:23:22,285 INFO: microblog startup [in /home/marty331/Python/jake/app/__init__.py:32]
2015-07-13 23:23:43,688 INFO: microblog startup [in /home/marty331/Python/jake/app/__init__.py:32]
2015-07-13 23:23:56,048 INFO: index clicked [in /home/marty331/Python/jake/app/views.py:29]
2015-07-13 23:23:56,050 INFO: time =02:01:00 [in /home/marty331/Python/jake/app/views.py:42]
2015-07-13 23:23:56,051 INFO: time =02:01 am [in /home/marty331/Python/jake/app/views.py:44]
2015-07-13 23:23:56,051 INFO: time =02:01 value =[u'Mon'] [in /home/marty331/Python/jake/app/views.py:49]
2015-07-13 23:23:56,051 INFO: [u'Mon'] [in /home/marty331/Python/jake/app/views.py:50]
2015-07-13 23:23:56,112 INFO: index clicked [in /home/marty331/Python/jake/app/views.py:29]
2015-07-13 23:47:49,451 INFO: microblog startup [in /home/marty331/Python/jake/app/__init__.py:32]
2015-07-13 23:48:03,377 INFO: index clicked [in /home/marty331/Python/jake/app/views.py:29]
2015-07-13 23:48:03,379 INFO: ['__class__', '__delattr__', '__doc__', '__eq__', '__format__', '__ge__', '__getattribute__', '__gt__', '__hash__', '__init__', '__le__', '__lt__', '__ne__', '__new__', '__nonzero__', '__reduce__', '__reduce_ex__', '__repr__', '__setattr__', '__sizeof__', '__str__', '__subclasshook__', 'dst', 'hour', 'isoformat', 'max', 'microsecond', 'min', 'minute', 'replace', 'resolution', 'second', 'strftime', 'tzinfo', 'tzname', 'utcoffset'] [in /home/marty331/Python/jake/app/views.py:40]
2015-07-13 23:48:03,379 INFO: time =22:58:00 [in /home/marty331/Python/jake/app/views.py:43]
2015-07-13 23:48:03,380 INFO: time =10:58 pm [in /home/marty331/Python/jake/app/views.py:45]
2015-07-13 23:48:03,380 INFO: time =22:58 value =[u'Mon'] [in /home/marty331/Python/jake/app/views.py:50]
2015-07-13 23:48:03,380 INFO: [u'Mon'] [in /home/marty331/Python/jake/app/views.py:51]
2015-07-13 23:48:03,435 INFO: index clicked [in /home/marty331/Python/jake/app/views.py:29]
2015-07-13 23:49:19,018 INFO: microblog startup [in /home/marty331/Python/jake/app/__init__.py:32]
2015-07-13 23:49:35,000 INFO: index clicked [in /home/marty331/Python/jake/app/views.py:29]
2015-07-13 23:49:35,002 INFO: 23 [in /home/marty331/Python/jake/app/views.py:40]
2015-07-13 23:49:35,002 INFO: time =23:00:00 [in /home/marty331/Python/jake/app/views.py:43]
2015-07-13 23:49:35,003 INFO: time =11:00 pm [in /home/marty331/Python/jake/app/views.py:45]
2015-07-13 23:49:35,003 INFO: time =23:00 value =[u'Mon'] [in /home/marty331/Python/jake/app/views.py:50]
2015-07-13 23:49:35,003 INFO: [u'Mon'] [in /home/marty331/Python/jake/app/views.py:51]
2015-07-13 23:49:35,065 INFO: index clicked [in /home/marty331/Python/jake/app/views.py:29]
2015-07-13 23:53:07,312 INFO: index clicked [in /home/marty331/Python/jake/app/views.py:29]
2015-07-13 23:53:07,313 INFO: 23 [in /home/marty331/Python/jake/app/views.py:40]
2015-07-13 23:53:07,314 INFO: time =23:54:00 [in /home/marty331/Python/jake/app/views.py:43]
2015-07-13 23:53:07,314 INFO: time =11:54 pm [in /home/marty331/Python/jake/app/views.py:45]
2015-07-13 23:53:07,314 INFO: time =23:54 value =[u'Tue'] [in /home/marty331/Python/jake/app/views.py:50]
2015-07-13 23:53:07,314 INFO: [u'Tue'] [in /home/marty331/Python/jake/app/views.py:51]
2015-07-13 23:53:07,356 INFO: index clicked [in /home/marty331/Python/jake/app/views.py:29]
2015-07-13 23:53:51,264 INFO: microblog startup [in /home/marty331/Python/jake/app/__init__.py:32]
2015-07-13 23:54:05,624 INFO: index clicked [in /home/marty331/Python/jake/app/views.py:29]
2015-07-13 23:54:05,626 INFO: time =23:55:00 [in /home/marty331/Python/jake/app/views.py:44]
2015-07-13 23:54:05,626 INFO: time =11:55 pm [in /home/marty331/Python/jake/app/views.py:46]
2015-07-13 23:54:05,626 INFO: time =23:55 value =[u'Tue'] [in /home/marty331/Python/jake/app/views.py:51]
2015-07-13 23:54:05,626 INFO: [u'Tue'] [in /home/marty331/Python/jake/app/views.py:52]
2015-07-13 23:54:05,681 INFO: index clicked [in /home/marty331/Python/jake/app/views.py:29]
2015-07-14 13:42:51,030 INFO: index clicked [in /home/marty331/Python/jake/app/views.py:29]
2015-07-14 14:40:09,420 INFO: index clicked [in /home/marty331/Python/jake/app/views.py:29]
2015-07-14 19:17:33,380 INFO: index clicked [in /home/marty331/Python/jake/app/views.py:29]
2015-07-14 21:48:02,876 INFO: index clicked [in /home/marty331/Python/jake/app/views.py:29]
2015-07-14 21:49:18,769 INFO: index clicked [in /home/marty331/Python/jake/app/views.py:29]
2015-07-14 21:50:28,158 INFO: index clicked [in /home/marty331/Python/jake/app/views.py:29]
2015-07-14 21:51:19,154 INFO: index clicked [in /home/marty331/Python/jake/app/views.py:29]
2015-07-14 21:52:38,551 INFO: index clicked [in /home/marty331/Python/jake/app/views.py:29]
2015-07-14 21:57:55,941 INFO: index clicked [in /home/marty331/Python/jake/app/views.py:29]
2015-07-14 21:58:02,837 INFO: index clicked [in /home/marty331/Python/jake/app/views.py:29]
2015-07-14 22:00:05,053 INFO: index clicked [in /home/marty331/Python/jake/app/views.py:29]
2015-07-14 22:05:15,576 INFO: microblog startup [in /home/marty331/Python/jake/app/__init__.py:32]
2015-07-14 22:10:55,935 INFO: microblog startup [in /home/marty331/Python/jake/app/__init__.py:32]
2015-07-14 22:12:38,304 INFO: index clicked [in /home/marty331/Python/jake/app/views.py:29]
2015-07-14 22:13:27,458 INFO: microblog startup [in /home/marty331/Python/jake/app/__init__.py:32]
2015-07-14 22:13:27,624 INFO: microblog startup [in /home/marty331/Python/jake/app/__init__.py:32]
2015-07-14 22:13:32,791 INFO: index clicked [in /home/marty331/Python/jake/app/views.py:29]
2015-07-14 22:14:02,492 INFO: microblog startup [in /home/marty331/Python/jake/app/__init__.py:32]
2015-07-14 22:14:05,792 INFO: microblog startup [in /home/marty331/Python/jake/app/__init__.py:32]
2015-07-14 22:14:05,962 INFO: microblog startup [in /home/marty331/Python/jake/app/__init__.py:32]
2015-07-14 22:14:10,345 INFO: index clicked [in /home/marty331/Python/jake/app/views.py:29]
2015-07-14 22:16:10,553 INFO: microblog startup [in /home/marty331/Python/jake/app/__init__.py:32]
2015-07-14 22:16:13,058 INFO: index clicked [in /home/marty331/Python/jake/app/views.py:29]
2015-07-14 22:16:16,480 INFO: index clicked [in /home/marty331/Python/jake/app/views.py:29]
2015-07-14 22:16:18,368 INFO: index clicked [in /home/marty331/Python/jake/app/views.py:29]
2015-07-14 22:16:55,897 INFO: microblog startup [in /home/marty331/Python/jake/app/__init__.py:32]
2015-07-14 22:16:58,296 INFO: index clicked [in /home/marty331/Python/jake/app/views.py:29]
2015-07-14 22:17:09,146 INFO: microblog startup [in /home/marty331/Python/jake/app/__init__.py:32]
2015-07-14 22:17:09,393 INFO: index clicked [in /home/marty331/Python/jake/app/views.py:29]
2015-07-14 22:17:21,375 INFO: microblog startup [in /home/marty331/Python/jake/app/__init__.py:32]
2015-07-14 22:17:22,189 INFO: index clicked [in /home/marty331/Python/jake/app/views.py:29]
2015-07-14 22:17:22,197 INFO: alarms =0 [in /home/marty331/Python/jake/app/views.py:80]
2015-07-14 22:17:51,661 INFO: microblog startup [in /home/marty331/Python/jake/app/__init__.py:32]
2015-07-14 22:17:54,300 INFO: index clicked [in /home/marty331/Python/jake/app/views.py:29]
2015-07-14 22:17:54,308 INFO: alarms =0 [in /home/marty331/Python/jake/app/views.py:80]
2015-07-14 22:18:13,651 INFO: index clicked [in /home/marty331/Python/jake/app/views.py:29]
2015-07-14 22:18:13,654 INFO: time =01:00:00 [in /home/marty331/Python/jake/app/views.py:44]
2015-07-14 22:18:13,655 INFO: time =01:00 am [in /home/marty331/Python/jake/app/views.py:46]
2015-07-14 22:18:13,655 INFO: time =01:00 value =[u'Wed'] [in /home/marty331/Python/jake/app/views.py:51]
2015-07-14 22:18:13,655 INFO: [u'Wed'] [in /home/marty331/Python/jake/app/views.py:52]
2015-07-14 22:18:13,655 INFO: soundlist =soft_wake.mp3 [in /home/marty331/Python/jake/app/views.py:59]
2015-07-14 22:18:13,692 INFO: index clicked [in /home/marty331/Python/jake/app/views.py:29]
2015-07-14 22:18:13,694 INFO: alarms =1 [in /home/marty331/Python/jake/app/views.py:80]
2015-07-14 22:25:56,467 INFO: microblog startup [in /home/marty331/Python/jake/app/__init__.py:32]
2015-07-14 22:27:03,870 INFO: microblog startup [in /home/marty331/Python/jake/app/__init__.py:32]
2015-07-14 22:27:37,447 INFO: index clicked [in /home/marty331/Python/jake/app/views.py:29]
2015-07-14 22:27:37,449 INFO: time =22:27:00 [in /home/marty331/Python/jake/app/views.py:44]
2015-07-14 22:27:37,450 INFO: time =10:27 pm [in /home/marty331/Python/jake/app/views.py:46]
2015-07-14 22:27:37,450 INFO: time =22:27 value =[u'Tue'] [in /home/marty331/Python/jake/app/views.py:51]
2015-07-14 22:27:37,450 INFO: [u'Tue'] [in /home/marty331/Python/jake/app/views.py:52]
2015-07-14 22:27:37,451 INFO: soundlist =soft_wake.mp3 [in /home/marty331/Python/jake/app/views.py:59]
2015-07-14 22:27:37,510 INFO: index clicked [in /home/marty331/Python/jake/app/views.py:29]
2015-07-14 22:28:01,266 INFO: index clicked [in /home/marty331/Python/jake/app/views.py:29]
2015-07-14 22:28:01,266 INFO: time =22:29:00 [in /home/marty331/Python/jake/app/views.py:44]
2015-07-14 22:28:01,267 INFO: time =10:29 pm [in /home/marty331/Python/jake/app/views.py:46]
2015-07-14 22:28:01,267 INFO: time =22:29 value =[u'Tue'] [in /home/marty331/Python/jake/app/views.py:51]
2015-07-14 22:28:01,267 INFO: [u'Tue'] [in /home/marty331/Python/jake/app/views.py:52]
2015-07-14 22:28:01,267 INFO: soundlist =soft_wake.mp3 [in /home/marty331/Python/jake/app/views.py:59]
2015-07-14 22:28:01,314 INFO: index clicked [in /home/marty331/Python/jake/app/views.py:29]
2015-07-14 22:28:38,736 INFO: index clicked [in /home/marty331/Python/jake/app/views.py:29]
2015-07-14 22:29:27,539 INFO: microblog startup [in /home/marty331/Python/jake/app/__init__.py:32]
2015-07-14 22:29:35,758 INFO: microblog startup [in /home/marty331/Python/jake/app/__init__.py:32]
2015-07-14 22:29:37,302 INFO: index clicked [in /home/marty331/Python/jake/app/views.py:29]
2015-07-14 22:29:52,266 INFO: index clicked [in /home/marty331/Python/jake/app/views.py:29]
2015-07-14 22:29:52,267 INFO: time =22:30:00 [in /home/marty331/Python/jake/app/views.py:44]
2015-07-14 22:29:52,267 INFO: time =10:30 pm [in /home/marty331/Python/jake/app/views.py:46]
2015-07-14 22:29:52,267 INFO: time =22:30 value =[u'Tue'] [in /home/marty331/Python/jake/app/views.py:51]
2015-07-14 22:29:52,268 INFO: [u'Tue'] [in /home/marty331/Python/jake/app/views.py:52]
2015-07-14 22:29:52,268 INFO: soundlist =soft_wake.mp3 [in /home/marty331/Python/jake/app/views.py:59]
2015-07-14 22:29:52,313 INFO: index clicked [in /home/marty331/Python/jake/app/views.py:29]
2015-07-14 22:47:27,550 INFO: microblog startup [in /home/marty331/Python/jake/app/__init__.py:32]
2015-07-14 22:47:48,323 INFO: index clicked [in /home/marty331/Python/jake/app/views.py:29]
2015-07-14 22:47:48,325 INFO: time =22:48:00 [in /home/marty331/Python/jake/app/views.py:44]
2015-07-14 22:47:48,325 INFO: time =10:48 pm [in /home/marty331/Python/jake/app/views.py:46]
2015-07-14 22:47:48,325 INFO: time =22:48 value =[u'Wed'] [in /home/marty331/Python/jake/app/views.py:51]
2015-07-14 22:47:48,325 INFO: [u'Wed'] [in /home/marty331/Python/jake/app/views.py:52]
2015-07-14 22:47:48,326 INFO: soundlist =soft_wake.mp3 [in /home/marty331/Python/jake/app/views.py:59]
2015-07-14 22:47:48,385 INFO: index clicked [in /home/marty331/Python/jake/app/views.py:29]
2015-07-14 23:12:49,927 INFO: microblog startup [in /home/marty331/Python/jake/app/__init__.py:32]
2015-07-14 23:13:08,826 INFO: index clicked [in /home/marty331/Python/jake/app/views.py:29]
2015-07-14 23:13:08,828 INFO: time =23:14:00 [in /home/marty331/Python/jake/app/views.py:44]
2015-07-14 23:13:08,828 INFO: time =11:14 pm [in /home/marty331/Python/jake/app/views.py:46]
2015-07-14 23:13:08,828 INFO: time =23:14 value =[u'Wed'] [in /home/marty331/Python/jake/app/views.py:51]
2015-07-14 23:13:08,828 INFO: [u'Wed'] [in /home/marty331/Python/jake/app/views.py:52]
2015-07-14 23:13:08,829 INFO: soundlist =frog.mp3 [in /home/marty331/Python/jake/app/views.py:59]
2015-07-14 23:13:08,877 INFO: index clicked [in /home/marty331/Python/jake/app/views.py:29]
2015-07-15 16:20:47,293 INFO: microblog startup [in /home/marty331/Python/jake/app/__init__.py:32]
2015-07-15 16:20:47,490 INFO: microblog startup [in /home/marty331/Python/jake/app/__init__.py:32]
2015-07-15 16:20:50,413 INFO: index clicked [in /home/marty331/Python/jake/app/views.py:29]
2015-07-15 16:51:41,966 INFO: microblog startup [in /home/marty331/Python/jake/app/__init__.py:32]
2015-07-15 16:52:20,576 INFO: index clicked [in /home/marty331/Python/jake/app/views.py:29]
2015-07-15 16:52:20,578 INFO: time =16:53:00 [in /home/marty331/Python/jake/app/views.py:44]
2015-07-15 16:52:20,579 INFO: time =04:53 pm [in /home/marty331/Python/jake/app/views.py:46]
2015-07-15 16:52:20,579 INFO: time =16:53 value =[u'Mon'] [in /home/marty331/Python/jake/app/views.py:51]
2015-07-15 16:52:20,579 INFO: [u'Mon'] [in /home/marty331/Python/jake/app/views.py:52]
2015-07-15 16:52:20,579 INFO: soundlist =good_morning.mp3 [in /home/marty331/Python/jake/app/views.py:59]
2015-07-15 16:52:20,632 INFO: index clicked [in /home/marty331/Python/jake/app/views.py:29]
2015-07-15 16:54:03,101 INFO: index clicked [in /home/marty331/Python/jake/app/views.py:29]
2015-07-15 16:54:03,102 INFO: time =16:56:00 [in /home/marty331/Python/jake/app/views.py:44]
2015-07-15 16:54:03,102 INFO: time =04:56 pm [in /home/marty331/Python/jake/app/views.py:46]
2015-07-15 16:54:03,103 INFO: time =16:56 value =[u'Wed'] [in /home/marty331/Python/jake/app/views.py:51]
2015-07-15 16:54:03,103 INFO: [u'Wed'] [in /home/marty331/Python/jake/app/views.py:52]
2015-07-15 16:54:03,103 INFO: soundlist =goodmorning.py [in /home/marty331/Python/jake/app/views.py:59]
2015-07-15 16:54:03,153 INFO: index clicked [in /home/marty331/Python/jake/app/views.py:29]
2015-07-15 16:56:26,094 INFO: microblog startup [in /home/marty331/Python/jake/app/__init__.py:32]
2015-07-15 16:56:44,354 INFO: index clicked [in /home/marty331/Python/jake/app/views.py:29]
2015-07-15 16:56:44,356 INFO: time =16:57:00 [in /home/marty331/Python/jake/app/views.py:44]
2015-07-15 16:56:44,357 INFO: time =04:57 pm [in /home/marty331/Python/jake/app/views.py:46]
2015-07-15 16:56:44,357 INFO: time =16:57 value =[u'Wed'] [in /home/marty331/Python/jake/app/views.py:51]
2015-07-15 16:56:44,357 INFO: [u'Wed'] [in /home/marty331/Python/jake/app/views.py:52]
2015-07-15 16:56:44,357 INFO: soundlist =goodmorning.py [in /home/marty331/Python/jake/app/views.py:59]
2015-07-15 16:56:44,415 INFO: index clicked [in /home/marty331/Python/jake/app/views.py:29]
2015-07-15 16:59:25,881 INFO: microblog startup [in /home/marty331/Python/jake/app/__init__.py:32]
2015-07-15 16:59:46,804 INFO: index clicked [in /home/marty331/Python/jake/app/views.py:29]
2015-07-15 16:59:46,806 INFO: time =17:00:00 [in /home/marty331/Python/jake/app/views.py:44]
2015-07-15 16:59:46,806 INFO: time =05:00 pm [in /home/marty331/Python/jake/app/views.py:46]
2015-07-15 16:59:46,806 INFO: time =17:00 value =[u'Wed'] [in /home/marty331/Python/jake/app/views.py:51]
2015-07-15 16:59:46,807 INFO: [u'Wed'] [in /home/marty331/Python/jake/app/views.py:52]
2015-07-15 16:59:46,807 INFO: soundlist =goodmorning.py [in /home/marty331/Python/jake/app/views.py:59]
2015-07-15 16:59:46,866 INFO: index clicked [in /home/marty331/Python/jake/app/views.py:29]
2015-07-15 17:07:16,030 INFO: index clicked [in /home/marty331/Python/jake/app/views.py:29]
2015-07-15 17:07:16,031 INFO: time =17:08:00 [in /home/marty331/Python/jake/app/views.py:44]
2015-07-15 17:07:16,031 INFO: time =05:08 pm [in /home/marty331/Python/jake/app/views.py:46]
2015-07-15 17:07:16,031 INFO: time =17:08 value =[u'Wed'] [in /home/marty331/Python/jake/app/views.py:51]
2015-07-15 17:07:16,031 INFO: [u'Wed'] [in /home/marty331/Python/jake/app/views.py:52]
2015-07-15 17:07:16,031 INFO: soundlist =goodmorning.py [in /home/marty331/Python/jake/app/views.py:59]
2015-07-15 17:07:16,075 INFO: index clicked [in /home/marty331/Python/jake/app/views.py:29]
2015-07-15 18:10:30,254 INFO: microblog startup [in /home/marty331/Python/jake/app/__init__.py:32]
2015-07-15 18:10:30,470 INFO: microblog startup [in /home/marty331/Python/jake/app/__init__.py:32]
2015-07-15 18:10:35,540 INFO: index clicked [in /home/marty331/Python/jake/app/views.py:29]
2015-07-15 18:10:55,291 INFO: index clicked [in /home/marty331/Python/jake/app/views.py:29]
2015-07-15 18:10:55,292 INFO: time =18:11:00 [in /home/marty331/Python/jake/app/views.py:44]
2015-07-15 18:10:55,292 INFO: time =06:11 pm [in /home/marty331/Python/jake/app/views.py:46]
2015-07-15 18:10:55,292 INFO: time =18:11 value =[u'Wed'] [in /home/marty331/Python/jake/app/views.py:51]
2015-07-15 18:10:55,292 INFO: [u'Wed'] [in /home/marty331/Python/jake/app/views.py:52]
2015-07-15 18:10:55,292 INFO: soundlist =goodmorning.py [in /home/marty331/Python/jake/app/views.py:59]
2015-07-15 18:10:55,346 INFO: index clicked [in /home/marty331/Python/jake/app/views.py:29]
2015-07-15 18:16:32,130 INFO: microblog startup [in /home/marty331/Python/jake/app/__init__.py:32]
2015-07-15 18:16:51,389 INFO: index clicked [in /home/marty331/Python/jake/app/views.py:29]
2015-07-15 18:16:51,392 INFO: time =18:17:00 [in /home/marty331/Python/jake/app/views.py:44]
2015-07-15 18:16:51,392 INFO: time =06:17 pm [in /home/marty331/Python/jake/app/views.py:46]
2015-07-15 18:16:51,392 INFO: time =18:17 value =[u'Wed'] [in /home/marty331/Python/jake/app/views.py:51]
2015-07-15 18:16:51,393 INFO: [u'Wed'] [in /home/marty331/Python/jake/app/views.py:52]
2015-07-15 18:16:51,393 INFO: soundlist =goodmorning.py [in /home/marty331/Python/jake/app/views.py:59]
2015-07-15 18:16:51,466 INFO: index clicked [in /home/marty331/Python/jake/app/views.py:29]
2015-07-15 18:24:25,239 INFO: microblog startup [in /home/marty331/Python/jake/app/__init__.py:32]
2015-07-15 18:24:43,636 INFO: index clicked [in /home/marty331/Python/jake/app/views.py:29]
2015-07-15 18:24:43,638 INFO: time =18:25:00 [in /home/marty331/Python/jake/app/views.py:44]
2015-07-15 18:24:43,638 INFO: time =06:25 pm [in /home/marty331/Python/jake/app/views.py:46]
2015-07-15 18:24:43,638 INFO: time =18:25 value =[u'Wed'] [in /home/marty331/Python/jake/app/views.py:51]
2015-07-15 18:24:43,638 INFO: [u'Wed'] [in /home/marty331/Python/jake/app/views.py:52]
2015-07-15 18:24:43,638 INFO: soundlist =goodmorning.py [in /home/marty331/Python/jake/app/views.py:59]
2015-07-15 18:24:43,698 INFO: index clicked [in /home/marty331/Python/jake/app/views.py:29]
2015-07-15 18:40:48,325 INFO: microblog startup [in /home/marty331/Python/jake/app/__init__.py:32]
2015-07-15 18:41:08,830 INFO: index clicked [in /home/marty331/Python/jake/app/views.py:29]
2015-07-15 18:41:08,832 INFO: time =18:42:00 [in /home/marty331/Python/jake/app/views.py:44]
2015-07-15 18:41:08,832 INFO: time =06:42 pm [in /home/marty331/Python/jake/app/views.py:46]
2015-07-15 18:41:08,832 INFO: time =18:42 value =[u'Wed'] [in /home/marty331/Python/jake/app/views.py:51]
2015-07-15 18:41:08,833 INFO: [u'Wed'] [in /home/marty331/Python/jake/app/views.py:52]
2015-07-15 18:41:08,833 INFO: soundlist =goodmorning.py [in /home/marty331/Python/jake/app/views.py:59]
2015-07-15 18:41:08,890 INFO: index clicked [in /home/marty331/Python/jake/app/views.py:29]
2015-07-15 18:42:04,623 INFO: index clicked [in /home/marty331/Python/jake/app/views.py:29]
2015-07-15 18:42:30,921 INFO: microblog startup [in /home/marty331/Python/jake/app/__init__.py:32]
2015-07-15 18:43:14,977 INFO: index clicked [in /home/marty331/Python/jake/app/views.py:29]
2015-07-15 18:43:14,978 INFO: time =18:44:00 [in /home/marty331/Python/jake/app/views.py:44]
2015-07-15 18:43:14,979 INFO: time =06:44 pm [in /home/marty331/Python/jake/app/views.py:46]
2015-07-15 18:43:14,979 INFO: time =18:44 value =[u'Wed'] [in /home/marty331/Python/jake/app/views.py:51]
2015-07-15 18:43:14,979 INFO: [u'Wed'] [in /home/marty331/Python/jake/app/views.py:52]
2015-07-15 18:43:14,979 INFO: soundlist =goodmorning.py [in /home/marty331/Python/jake/app/views.py:59]
2015-07-15 18:43:15,042 INFO: index clicked [in /home/marty331/Python/jake/app/views.py:29]
2015-07-15 18:44:05,486 INFO: microblog startup [in /home/marty331/Python/jake/app/__init__.py:32]
2015-07-15 18:44:09,735 INFO: microblog startup [in /home/marty331/Python/jake/app/__init__.py:32]
2015-07-15 18:44:26,131 INFO: index clicked [in /home/marty331/Python/jake/app/views.py:29]
2015-07-15 18:44:26,133 INFO: time =18:45:00 [in /home/marty331/Python/jake/app/views.py:44]
2015-07-15 18:44:26,133 INFO: time =06:45 pm [in /home/marty331/Python/jake/app/views.py:46]
2015-07-15 18:44:26,133 INFO: time =18:45 value =[u'Wed'] [in /home/marty331/Python/jake/app/views.py:51]
2015-07-15 18:44:26,133 INFO: [u'Wed'] [in /home/marty331/Python/jake/app/views.py:52]
2015-07-15 18:44:26,133 INFO: soundlist =good_morning.mp3 [in /home/marty331/Python/jake/app/views.py:59]
2015-07-15 18:44:26,189 INFO: index clicked [in /home/marty331/Python/jake/app/views.py:29]
2015-07-15 18:48:36,442 INFO: index clicked [in /home/marty331/Python/jake/app/views.py:29]
2015-07-15 18:48:36,443 INFO: time =18:49:00 [in /home/marty331/Python/jake/app/views.py:44]
2015-07-15 18:48:36,443 INFO: time =06:49 pm [in /home/marty331/Python/jake/app/views.py:46]
2015-07-15 18:48:36,443 INFO: time =18:49 value =[u'Wed'] [in /home/marty331/Python/jake/app/views.py:51]
2015-07-15 18:48:36,443 INFO: [u'Wed'] [in /home/marty331/Python/jake/app/views.py:52]
2015-07-15 18:48:36,443 INFO: soundlist =frog.mp3 [in /home/marty331/Python/jake/app/views.py:59]
2015-07-15 18:48:36,488 INFO: index clicked [in /home/marty331/Python/jake/app/views.py:29]
2015-07-15 18:51:09,560 INFO: microblog startup [in /home/marty331/Python/jake/app/__init__.py:32]
2015-07-15 18:51:30,922 INFO: index clicked [in /home/marty331/Python/jake/app/views.py:29]
2015-07-15 18:51:30,924 INFO: time =12:59:00 [in /home/marty331/Python/jake/app/views.py:44]
2015-07-15 18:51:30,925 INFO: time =12:59 pm [in /home/marty331/Python/jake/app/views.py:46]
2015-07-15 18:51:30,925 INFO: time =12:59 value =[u'Wed'] [in /home/marty331/Python/jake/app/views.py:51]
2015-07-15 18:51:30,925 INFO: [u'Wed'] [in /home/marty331/Python/jake/app/views.py:52]
2015-07-15 18:51:30,925 INFO: soundlist =good_morning.mp3 [in /home/marty331/Python/jake/app/views.py:59]
2015-07-15 18:51:30,980 INFO: index clicked [in /home/marty331/Python/jake/app/views.py:29]
2015-07-15 18:54:44,554 INFO: microblog startup [in /home/marty331/Python/jake/app/__init__.py:32]
2015-07-15 18:56:48,325 INFO: microblog startup [in /home/marty331/Python/jake/app/__init__.py:32]
2015-07-15 18:56:48,488 INFO: microblog startup [in /home/marty331/Python/jake/app/__init__.py:32]
2015-07-15 18:56:50,818 INFO: index clicked [in /home/marty331/Python/jake/app/views.py:29]
2015-07-15 18:57:10,053 INFO: index clicked [in /home/marty331/Python/jake/app/views.py:29]
2015-07-15 18:57:10,054 INFO: time =18:58:00 [in /home/marty331/Python/jake/app/views.py:44]
2015-07-15 18:57:10,054 INFO: time =06:58 pm [in /home/marty331/Python/jake/app/views.py:46]
2015-07-15 18:57:10,054 INFO: time =18:58 value =[u'Wed'] [in /home/marty331/Python/jake/app/views.py:51]
2015-07-15 18:57:10,054 INFO: [u'Wed'] [in /home/marty331/Python/jake/app/views.py:52]
2015-07-15 18:57:10,054 INFO: soundlist =frog.mp3 [in /home/marty331/Python/jake/app/views.py:68]
2015-07-15 18:57:10,102 INFO: index clicked [in /home/marty331/Python/jake/app/views.py:29]
2015-07-15 18:57:20,798 INFO: microblog startup [in /home/marty331/Python/jake/app/__init__.py:32]
2015-07-15 19:02:36,307 INFO: microblog startup [in /home/marty331/Python/jake/app/__init__.py:32]
2015-07-15 19:04:51,092 INFO: microblog startup [in /home/marty331/Python/jake/app/__init__.py:32]
2015-07-15 19:05:12,512 INFO: index clicked [in /home/marty331/Python/jake/app/views.py:29]
2015-07-15 19:05:12,514 INFO: time =19:06:00 [in /home/marty331/Python/jake/app/views.py:44]
2015-07-15 19:05:12,515 INFO: time =07:06 pm [in /home/marty331/Python/jake/app/views.py:46]
2015-07-15 19:05:12,515 INFO: time =19:06 value =[u'Wed', u'Thu'] [in /home/marty331/Python/jake/app/views.py:51]
2015-07-15 19:05:12,515 INFO: [u'Wed', u'Thu'] [in /home/marty331/Python/jake/app/views.py:52]
2015-07-15 19:05:12,515 INFO: soundlist =frog.mp3 [in /home/marty331/Python/jake/app/views.py:81]
2015-07-15 19:05:44,494 INFO: microblog startup [in /home/marty331/Python/jake/app/__init__.py:32]
2015-07-15 19:05:50,034 INFO: index clicked [in /home/marty331/Python/jake/app/views.py:29]
2015-07-15 19:06:09,135 INFO: index clicked [in /home/marty331/Python/jake/app/views.py:29]
2015-07-15 19:06:09,136 INFO: time =19:07:00 [in /home/marty331/Python/jake/app/views.py:44]
2015-07-15 19:06:09,136 INFO: time =07:07 pm [in /home/marty331/Python/jake/app/views.py:46]
2015-07-15 19:06:09,136 INFO: time =19:07 value =[u'3', u'4'] [in /home/marty331/Python/jake/app/views.py:51]
2015-07-15 19:06:09,137 INFO: [u'3', u'4'] [in /home/marty331/Python/jake/app/views.py:52]
2015-07-15 19:06:09,137 INFO: soundlist =frog.mp3 [in /home/marty331/Python/jake/app/views.py:81]
2015-07-15 19:17:40,813 INFO: microblog startup [in /home/marty331/Python/jake/app/__init__.py:32]
2015-07-15 19:17:50,498 INFO: index clicked [in /home/marty331/Python/jake/app/views.py:29]
2015-07-15 19:18:10,803 INFO: index clicked [in /home/marty331/Python/jake/app/views.py:29]
2015-07-15 19:18:10,803 INFO: time =19:19:00 [in /home/marty331/Python/jake/app/views.py:44]
2015-07-15 19:18:10,804 INFO: time =07:19 pm [in /home/marty331/Python/jake/app/views.py:46]
2015-07-15 19:18:10,804 INFO: time =19:19 value =[u'3', u'4'] [in /home/marty331/Python/jake/app/views.py:51]
2015-07-15 19:18:10,804 INFO: [u'3', u'4'] [in /home/marty331/Python/jake/app/views.py:52]
2015-07-15 19:18:10,804 INFO: soundlist =frog.mp3 [in /home/marty331/Python/jake/app/views.py:85]
2015-07-15 19:18:47,276 INFO: microblog startup [in /home/marty331/Python/jake/app/__init__.py:32]
2015-07-15 19:18:50,938 INFO: index clicked [in /home/marty331/Python/jake/app/views.py:29]
2015-07-15 19:19:04,819 INFO: index clicked [in /home/marty331/Python/jake/app/views.py:29]
2015-07-15 19:19:04,820 INFO: time =19:22:00 [in /home/marty331/Python/jake/app/views.py:44]
2015-07-15 19:19:04,820 INFO: time =07:22 pm [in /home/marty331/Python/jake/app/views.py:46]
2015-07-15 19:19:04,820 INFO: time =19:22 value =[u'3'] [in /home/marty331/Python/jake/app/views.py:51]
2015-07-15 19:19:04,820 INFO: [u'3'] [in /home/marty331/Python/jake/app/views.py:52]
2015-07-15 19:19:04,820 INFO: day =Wed,  [in /home/marty331/Python/jake/app/views.py:74]
2015-07-15 19:19:04,820 INFO: soundlist =frog.mp3 [in /home/marty331/Python/jake/app/views.py:86]
2015-07-15 19:20:09,798 INFO: microblog startup [in /home/marty331/Python/jake/app/__init__.py:32]
2015-07-15 19:20:15,230 INFO: index clicked [in /home/marty331/Python/jake/app/views.py:29]
2015-07-15 19:20:28,605 INFO: index clicked [in /home/marty331/Python/jake/app/views.py:29]
2015-07-15 19:20:28,606 INFO: time =19:22:00 [in /home/marty331/Python/jake/app/views.py:44]
2015-07-15 19:20:28,606 INFO: time =07:22 pm [in /home/marty331/Python/jake/app/views.py:46]
2015-07-15 19:20:28,606 INFO: time =19:22 value =[u'3', u'4'] [in /home/marty331/Python/jake/app/views.py:51]
2015-07-15 19:20:28,606 INFO: [u'3', u'4'] [in /home/marty331/Python/jake/app/views.py:52]
2015-07-15 19:21:02,205 INFO: microblog startup [in /home/marty331/Python/jake/app/__init__.py:32]
2015-07-15 19:21:06,300 INFO: index clicked [in /home/marty331/Python/jake/app/views.py:29]
2015-07-15 19:21:18,071 INFO: index clicked [in /home/marty331/Python/jake/app/views.py:29]
2015-07-15 19:21:18,072 INFO: time =19:22:00 [in /home/marty331/Python/jake/app/views.py:44]
2015-07-15 19:21:18,072 INFO: time =07:22 pm [in /home/marty331/Python/jake/app/views.py:46]
2015-07-15 19:21:18,072 INFO: time =19:22 value =[u'3', u'4'] [in /home/marty331/Python/jake/app/views.py:51]
2015-07-15 19:21:18,072 INFO: [u'3', u'4'] [in /home/marty331/Python/jake/app/views.py:52]
2015-07-15 19:21:18,072 INFO: days =34 [in /home/marty331/Python/jake/app/views.py:74]
2015-07-15 19:21:18,073 INFO: soundlist =frog.mp3 [in /home/marty331/Python/jake/app/views.py:86]
2015-07-15 19:23:27,013 INFO: microblog startup [in /home/marty331/Python/jake/app/__init__.py:32]
2015-07-15 19:23:30,131 INFO: index clicked [in /home/marty331/Python/jake/app/views.py:29]
2015-07-15 19:23:47,828 INFO: index clicked [in /home/marty331/Python/jake/app/views.py:29]
2015-07-15 19:23:47,829 INFO: time =19:24:00 [in /home/marty331/Python/jake/app/views.py:44]
2015-07-15 19:23:47,829 INFO: time =07:24 pm [in /home/marty331/Python/jake/app/views.py:46]
2015-07-15 19:23:47,829 INFO: time =19:24 value =[u'3', u'4'] [in /home/marty331/Python/jake/app/views.py:51]
2015-07-15 19:23:47,829 INFO: [u'3', u'4'] [in /home/marty331/Python/jake/app/views.py:52]
2015-07-15 19:23:47,829 INFO: first days =,3,4 [in /home/marty331/Python/jake/app/views.py:70]
2015-07-15 19:23:47,829 INFO: last days =34 [in /home/marty331/Python/jake/app/views.py:75]
2015-07-15 19:23:47,829 INFO: soundlist =frog.mp3 [in /home/marty331/Python/jake/app/views.py:87]
2015-07-15 23:45:25,058 INFO: microblog startup [in /home/marty331/Python/jake/app/__init__.py:32]
2015-07-15 23:45:25,237 INFO: microblog startup [in /home/marty331/Python/jake/app/__init__.py:32]
2015-07-15 23:45:33,690 INFO: index clicked [in /home/marty331/Python/jake/app/views.py:29]
2015-07-15 23:45:50,348 INFO: index clicked [in /home/marty331/Python/jake/app/views.py:29]
2015-07-15 23:45:50,350 INFO: time =23:46:00 [in /home/marty331/Python/jake/app/views.py:44]
2015-07-15 23:45:50,350 INFO: time =11:46 pm [in /home/marty331/Python/jake/app/views.py:46]
2015-07-15 23:45:50,350 INFO: time =23:46 value =[u'3', u'4', u'5'] [in /home/marty331/Python/jake/app/views.py:51]
2015-07-15 23:45:50,350 INFO: [u'3', u'4', u'5'] [in /home/marty331/Python/jake/app/views.py:52]
2015-07-15 23:45:50,350 INFO: first days =3,4,5 [in /home/marty331/Python/jake/app/views.py:70]
2015-07-15 23:45:50,350 INFO: last days =3,4,5 [in /home/marty331/Python/jake/app/views.py:75]
2015-07-15 23:45:50,351 INFO: soundlist =frog.mp3 [in /home/marty331/Python/jake/app/views.py:87]
2015-07-15 23:47:04,766 INFO: microblog startup [in /home/marty331/Python/jake/app/__init__.py:32]
2015-07-15 23:47:11,788 INFO: index clicked [in /home/marty331/Python/jake/app/views.py:29]
2015-07-15 23:47:27,641 INFO: index clicked [in /home/marty331/Python/jake/app/views.py:29]
2015-07-15 23:47:27,641 INFO: time =23:48:00 [in /home/marty331/Python/jake/app/views.py:44]
2015-07-15 23:47:27,642 INFO: time =11:48 pm [in /home/marty331/Python/jake/app/views.py:46]
2015-07-15 23:47:27,642 INFO: time =23:48 value =[u'3', u'4', u'5'] [in /home/marty331/Python/jake/app/views.py:51]
2015-07-15 23:47:27,642 INFO: [u'3', u'4', u'5'] [in /home/marty331/Python/jake/app/views.py:52]
2015-07-15 23:47:27,642 INFO: first days =3,4,5 [in /home/marty331/Python/jake/app/views.py:70]
2015-07-15 23:47:27,642 INFO: last days =3,4,5 [in /home/marty331/Python/jake/app/views.py:75]
2015-07-15 23:47:27,642 INFO: soundlist =good_morning.mp3 [in /home/marty331/Python/jake/app/views.py:87]
2015-07-15 23:47:41,099 INFO: microblog startup [in /home/marty331/Python/jake/app/__init__.py:32]
2015-07-15 23:47:44,587 INFO: index clicked [in /home/marty331/Python/jake/app/views.py:29]
2015-07-15 23:48:00,985 INFO: index clicked [in /home/marty331/Python/jake/app/views.py:29]
2015-07-15 23:48:00,986 INFO: time =23:49:00 [in /home/marty331/Python/jake/app/views.py:44]
2015-07-15 23:48:00,987 INFO: time =11:49 pm [in /home/marty331/Python/jake/app/views.py:46]
2015-07-15 23:48:00,987 INFO: time =23:49 value =[u'3', u'4', u'5'] [in /home/marty331/Python/jake/app/views.py:51]
2015-07-15 23:48:00,987 INFO: [u'3', u'4', u'5'] [in /home/marty331/Python/jake/app/views.py:52]
2015-07-15 23:48:00,987 INFO: first days =3, 4, 5 [in /home/marty331/Python/jake/app/views.py:70]
2015-07-15 23:48:00,987 INFO: last days =3, 4, 5 [in /home/marty331/Python/jake/app/views.py:75]
2015-07-15 23:48:00,987 INFO: soundlist =good_morning.mp3 [in /home/marty331/Python/jake/app/views.py:87]
2015-07-15 23:50:44,922 INFO: microblog startup [in /home/marty331/Python/jake/app/__init__.py:32]
2015-07-15 23:50:52,494 INFO: index clicked [in /home/marty331/Python/jake/app/views.py:29]
2015-07-15 23:51:12,920 INFO: index clicked [in /home/marty331/Python/jake/app/views.py:29]
2015-07-15 23:51:12,921 INFO: time =23:52:00 [in /home/marty331/Python/jake/app/views.py:44]
2015-07-15 23:51:12,921 INFO: time =11:52 pm [in /home/marty331/Python/jake/app/views.py:46]
2015-07-15 23:51:12,921 INFO: time =23:52 value =[u'3', u'4', u'5'] [in /home/marty331/Python/jake/app/views.py:51]
2015-07-15 23:51:12,921 INFO: [u'3', u'4', u'5'] [in /home/marty331/Python/jake/app/views.py:52]
2015-07-15 23:51:12,921 INFO: first days =3, 4, 5 [in /home/marty331/Python/jake/app/views.py:70]
2015-07-15 23:51:12,922 INFO: last days =3, 4, 5 [in /home/marty331/Python/jake/app/views.py:75]
2015-07-15 23:51:12,922 INFO: soundlist =good_morning.mp3 [in /home/marty331/Python/jake/app/views.py:87]
2015-07-15 23:51:36,283 INFO: microblog startup [in /home/marty331/Python/jake/app/__init__.py:32]
2015-07-15 23:51:43,265 INFO: index clicked [in /home/marty331/Python/jake/app/views.py:29]
2015-07-15 23:51:58,979 INFO: index clicked [in /home/marty331/Python/jake/app/views.py:29]
2015-07-15 23:51:58,980 INFO: time =23:52:00 [in /home/marty331/Python/jake/app/views.py:44]
2015-07-15 23:51:58,980 INFO: time =11:52 pm [in /home/marty331/Python/jake/app/views.py:46]
2015-07-15 23:51:58,980 INFO: time =23:52 value =[u'3', u'4', u'5'] [in /home/marty331/Python/jake/app/views.py:51]
2015-07-15 23:51:58,980 INFO: [u'3', u'4', u'5'] [in /home/marty331/Python/jake/app/views.py:52]
2015-07-15 23:51:58,981 INFO: first days =3, 4, 5 [in /home/marty331/Python/jake/app/views.py:70]
2015-07-15 23:51:58,981 INFO: last days =3, 4, 5 [in /home/marty331/Python/jake/app/views.py:75]
2015-07-15 23:51:58,981 INFO: soundlist =good_morning.mp3 [in /home/marty331/Python/jake/app/views.py:87]
2015-07-15 23:53:14,814 INFO: microblog startup [in /home/marty331/Python/jake/app/__init__.py:32]
2015-07-15 23:53:22,242 INFO: index clicked [in /home/marty331/Python/jake/app/views.py:29]
2015-07-15 23:53:39,360 INFO: index clicked [in /home/marty331/Python/jake/app/views.py:29]
2015-07-15 23:53:39,361 INFO: time =23:54:00 [in /home/marty331/Python/jake/app/views.py:44]
2015-07-15 23:53:39,361 INFO: time =11:54 pm [in /home/marty331/Python/jake/app/views.py:46]
2015-07-15 23:53:39,361 INFO: time =23:54 value =[u'3', u'4', u'5'] [in /home/marty331/Python/jake/app/views.py:51]
2015-07-15 23:53:39,362 INFO: [u'3', u'4', u'5'] [in /home/marty331/Python/jake/app/views.py:52]
2015-07-15 23:53:39,362 INFO: first days =3, 4, 5 [in /home/marty331/Python/jake/app/views.py:70]
2015-07-15 23:53:39,362 INFO: last days =3, 4, 5 [in /home/marty331/Python/jake/app/views.py:75]
2015-07-15 23:53:39,362 INFO: soundlist =good_morning.mp3 [in /home/marty331/Python/jake/app/views.py:87]
2015-07-15 23:53:39,418 INFO: index clicked [in /home/marty331/Python/jake/app/views.py:29]
2015-07-15 23:57:42,972 INFO: microblog startup [in /home/marty331/Python/jake/app/__init__.py:32]
2015-07-15 23:57:59,626 INFO: index clicked [in /home/marty331/Python/jake/app/views.py:29]
2015-07-15 23:57:59,628 INFO: time =23:58:00 [in /home/marty331/Python/jake/app/views.py:44]
2015-07-15 23:57:59,628 INFO: time =11:58 pm [in /home/marty331/Python/jake/app/views.py:46]
2015-07-15 23:57:59,628 INFO: time =23:58 value =[u'1', u'3', u'4'] [in /home/marty331/Python/jake/app/views.py:51]
2015-07-15 23:57:59,629 INFO: [u'1', u'3', u'4'] [in /home/marty331/Python/jake/app/views.py:52]
2015-07-15 23:57:59,629 INFO: first days =1, 3, 4 [in /home/marty331/Python/jake/app/views.py:70]
2015-07-15 23:57:59,629 INFO: last days =1, 3, 4 [in /home/marty331/Python/jake/app/views.py:75]
2015-07-15 23:57:59,629 INFO: soundlist =soft_wake.mp3 [in /home/marty331/Python/jake/app/views.py:87]
2015-07-15 23:57:59,699 INFO: index clicked [in /home/marty331/Python/jake/app/views.py:29]
2015-07-15 23:58:59,820 INFO: index clicked [in /home/marty331/Python/jake/app/views.py:29]
2015-07-15 23:58:59,821 INFO: time =23:59:00 [in /home/marty331/Python/jake/app/views.py:44]
2015-07-15 23:58:59,821 INFO: time =11:59 pm [in /home/marty331/Python/jake/app/views.py:46]
2015-07-15 23:58:59,821 INFO: time =23:59 value =[u'1'] [in /home/marty331/Python/jake/app/views.py:51]
2015-07-15 23:58:59,822 INFO: [u'1'] [in /home/marty331/Python/jake/app/views.py:52]
2015-07-15 23:58:59,822 INFO: first days =1 [in /home/marty331/Python/jake/app/views.py:70]
2015-07-15 23:58:59,822 INFO: last days =1 [in /home/marty331/Python/jake/app/views.py:75]
2015-07-15 23:58:59,822 INFO: soundlist =soft_wake.mp3 [in /home/marty331/Python/jake/app/views.py:87]
2015-07-15 23:58:59,874 INFO: index clicked [in /home/marty331/Python/jake/app/views.py:29]
2015-07-16 00:00:21,747 INFO: microblog startup [in /home/marty331/Python/jake/app/__init__.py:32]
2015-07-16 00:00:40,494 INFO: index clicked [in /home/marty331/Python/jake/app/views.py:29]
2015-07-16 00:00:40,497 INFO: time =00:01:00 [in /home/marty331/Python/jake/app/views.py:44]
2015-07-16 00:00:40,497 INFO: time =12:01 am [in /home/marty331/Python/jake/app/views.py:46]
2015-07-16 00:00:40,498 INFO: time =00:01 value =[u'2', u'3', u'4'] [in /home/marty331/Python/jake/app/views.py:51]
2015-07-16 00:00:40,498 INFO: [u'2', u'3', u'4'] [in /home/marty331/Python/jake/app/views.py:52]
2015-07-16 00:00:40,498 INFO: first days =2, 3, 4 [in /home/marty331/Python/jake/app/views.py:57]
2015-07-16 00:00:40,498 INFO: last days =2, 3, 4 [in /home/marty331/Python/jake/app/views.py:62]
2015-07-16 00:00:40,498 INFO: soundlist =good_morning.mp3 [in /home/marty331/Python/jake/app/views.py:74]
2015-07-16 00:00:40,554 INFO: index clicked [in /home/marty331/Python/jake/app/views.py:29]
2015-07-16 00:01:02,087 INFO: microblog startup [in /home/marty331/Python/jake/app/__init__.py:32]
2015-07-16 00:01:04,291 INFO: microblog startup [in /home/marty331/Python/jake/app/__init__.py:32]
2015-07-16 00:01:09,440 INFO: index clicked [in /home/marty331/Python/jake/app/views.py:29]
2015-07-16 00:01:25,411 INFO: index clicked [in /home/marty331/Python/jake/app/views.py:29]
2015-07-16 00:01:25,412 INFO: time =00:01:00 [in /home/marty331/Python/jake/app/views.py:44]
2015-07-16 00:01:25,412 INFO: time =12:01 am [in /home/marty331/Python/jake/app/views.py:46]
2015-07-16 00:01:25,412 INFO: time =00:01 value =[u'MON', u'TUE', u'WED', u'FRI'] [in /home/marty331/Python/jake/app/views.py:51]
2015-07-16 00:01:25,413 INFO: [u'MON', u'TUE', u'WED', u'FRI'] [in /home/marty331/Python/jake/app/views.py:52]
2015-07-16 00:01:25,413 INFO: first days =MON, TUE, WED, FRI [in /home/marty331/Python/jake/app/views.py:57]
2015-07-16 00:01:25,413 INFO: last days =MON, TUE, WED, FRI [in /home/marty331/Python/jake/app/views.py:62]
2015-07-16 00:01:25,413 INFO: soundlist =good_morning.mp3 [in /home/marty331/Python/jake/app/views.py:74]
2015-07-16 00:01:25,466 INFO: index clicked [in /home/marty331/Python/jake/app/views.py:29]
2015-07-16 00:02:02,984 INFO: index clicked [in /home/marty331/Python/jake/app/views.py:29]
2015-07-16 00:02:02,984 INFO: time =00:03:00 [in /home/marty331/Python/jake/app/views.py:44]
2015-07-16 00:02:02,985 INFO: time =12:03 am [in /home/marty331/Python/jake/app/views.py:46]
2015-07-16 00:02:02,985 INFO: time =00:03 value =[u'MON', u'TUE', u'WED', u'THU', u'FRI'] [in /home/marty331/Python/jake/app/views.py:51]
2015-07-16 00:02:02,985 INFO: [u'MON', u'TUE', u'WED', u'THU', u'FRI'] [in /home/marty331/Python/jake/app/views.py:52]
2015-07-16 00:02:02,985 INFO: first days =MON, TUE, WED, THU, FRI [in /home/marty331/Python/jake/app/views.py:57]
2015-07-16 00:02:02,985 INFO: last days =MON, TUE, WED, THU, FRI [in /home/marty331/Python/jake/app/views.py:62]
2015-07-16 00:02:02,985 INFO: soundlist =soft_wake.mp3 [in /home/marty331/Python/jake/app/views.py:74]
2015-07-16 00:02:03,036 INFO: index clicked [in /home/marty331/Python/jake/app/views.py:29]
2015-07-16 00:02:27,783 INFO: microblog startup [in /home/marty331/Python/jake/app/__init__.py:32]
2015-07-16 00:02:47,750 INFO: index clicked [in /home/marty331/Python/jake/app/views.py:29]
2015-07-16 00:02:47,752 INFO: time =00:03:00 [in /home/marty331/Python/jake/app/views.py:44]
2015-07-16 00:02:47,753 INFO: time =12:03 am [in /home/marty331/Python/jake/app/views.py:46]
2015-07-16 00:02:47,753 INFO: time =00:03 value =[u'MON', u'TUE', u'WED', u'THU', u'FRI'] [in /home/marty331/Python/jake/app/views.py:51]
2015-07-16 00:02:47,753 INFO: [u'MON', u'TUE', u'WED', u'THU', u'FRI'] [in /home/marty331/Python/jake/app/views.py:52]
2015-07-16 00:02:47,753 INFO: first days =MON, TUE, WED, THU, FRI [in /home/marty331/Python/jake/app/views.py:57]
2015-07-16 00:02:47,753 INFO: last days =MON, TUE, WED, THU, FRI [in /home/marty331/Python/jake/app/views.py:62]
2015-07-16 00:02:47,753 INFO: soundlist =soft_wake.mp3 [in /home/marty331/Python/jake/app/views.py:74]
2015-07-16 00:05:07,872 INFO: index clicked [in /home/marty331/Python/jake/app/views.py:29]
2015-07-16 00:05:30,131 INFO: index clicked [in /home/marty331/Python/jake/app/views.py:29]
2015-07-16 00:05:30,132 INFO: time =00:06:00 [in /home/marty331/Python/jake/app/views.py:44]
2015-07-16 00:05:30,132 INFO: time =12:06 am [in /home/marty331/Python/jake/app/views.py:46]
2015-07-16 00:05:30,132 INFO: time =00:06 value =[u'Mon', u'Wed', u'Thu', u'Fri'] [in /home/marty331/Python/jake/app/views.py:51]
2015-07-16 00:05:30,132 INFO: [u'Mon', u'Wed', u'Thu', u'Fri'] [in /home/marty331/Python/jake/app/views.py:52]
2015-07-16 00:05:30,132 INFO: first days =Mon, Wed, Thu, Fri [in /home/marty331/Python/jake/app/views.py:57]
2015-07-16 00:05:30,132 INFO: last days =Mon, Wed, Thu, Fri [in /home/marty331/Python/jake/app/views.py:62]
2015-07-16 00:05:30,132 INFO: soundlist =soft_wake.mp3 [in /home/marty331/Python/jake/app/views.py:74]
2015-07-16 12:47:34,998 INFO: microblog startup [in /home/marty331/Python/jake/app/__init__.py:32]
2015-07-16 12:47:56,669 INFO: index clicked [in /home/marty331/Python/jake/app/views.py:29]
2015-07-16 12:48:13,177 INFO: index clicked [in /home/marty331/Python/jake/app/views.py:29]
2015-07-16 12:48:13,178 INFO: time =12:49:00 [in /home/marty331/Python/jake/app/views.py:44]
2015-07-16 12:48:13,178 INFO: time =12:49 pm [in /home/marty331/Python/jake/app/views.py:46]
2015-07-16 12:48:13,178 INFO: time =12:49 value =[u'Thu'] [in /home/marty331/Python/jake/app/views.py:51]
2015-07-16 12:48:13,178 INFO: [u'Thu'] [in /home/marty331/Python/jake/app/views.py:52]
2015-07-16 12:48:13,178 INFO: first days =Thu [in /home/marty331/Python/jake/app/views.py:57]
2015-07-16 12:48:13,179 INFO: last days =Thu [in /home/marty331/Python/jake/app/views.py:62]
2015-07-16 12:48:13,179 INFO: soundlist =good_morning.mp3 [in /home/marty331/Python/jake/app/views.py:74]
2015-07-16 12:48:13,239 INFO: index clicked [in /home/marty331/Python/jake/app/views.py:29]
2015-07-16 12:48:45,455 INFO: microblog startup [in /home/marty331/Python/jake/app/__init__.py:32]
2015-07-16 12:49:02,187 INFO: index clicked [in /home/marty331/Python/jake/app/views.py:29]
2015-07-16 12:49:02,189 INFO: time =12:50:00 [in /home/marty331/Python/jake/app/views.py:44]
2015-07-16 12:49:02,189 INFO: time =12:50 pm [in /home/marty331/Python/jake/app/views.py:46]
2015-07-16 12:49:02,189 INFO: time =12:50 value =[u'Thu', u'Fri'] [in /home/marty331/Python/jake/app/views.py:51]
2015-07-16 12:49:02,190 INFO: [u'Thu', u'Fri'] [in /home/marty331/Python/jake/app/views.py:52]
2015-07-16 12:49:02,190 INFO: first days =Thu, Fri [in /home/marty331/Python/jake/app/views.py:57]
2015-07-16 12:49:02,190 INFO: last days =Thu, Fri [in /home/marty331/Python/jake/app/views.py:62]
2015-07-16 12:49:02,190 INFO: soundlist =good_morning.mp3 [in /home/marty331/Python/jake/app/views.py:74]
2015-07-16 12:49:02,250 INFO: index clicked [in /home/marty331/Python/jake/app/views.py:29]
2015-07-16 12:49:38,853 INFO: microblog startup [in /home/marty331/Python/jake/app/__init__.py:32]
2015-07-16 12:50:02,038 INFO: index clicked [in /home/marty331/Python/jake/app/views.py:29]
2015-07-16 12:50:02,040 INFO: time =12:51:00 [in /home/marty331/Python/jake/app/views.py:44]
2015-07-16 12:50:02,040 INFO: time =12:51 pm [in /home/marty331/Python/jake/app/views.py:46]
2015-07-16 12:50:02,040 INFO: time =12:51 value =[u'Mon', u'Tue', u'Wed', u'Thu', u'Fri'] [in /home/marty331/Python/jake/app/views.py:51]
2015-07-16 12:50:02,040 INFO: [u'Mon', u'Tue', u'Wed', u'Thu', u'Fri'] [in /home/marty331/Python/jake/app/views.py:52]
2015-07-16 12:50:02,041 INFO: first days =Mon, Tue, Wed, Thu, Fri [in /home/marty331/Python/jake/app/views.py:57]
2015-07-16 12:50:02,041 INFO: last days =Mon, Tue, Wed, Thu, Fri [in /home/marty331/Python/jake/app/views.py:62]
2015-07-16 12:50:02,041 INFO: soundlist =good_morning.mp3 [in /home/marty331/Python/jake/app/views.py:74]
2015-07-16 12:50:02,109 INFO: index clicked [in /home/marty331/Python/jake/app/views.py:29]
2015-07-16 12:52:19,180 INFO: index clicked [in /home/marty331/Python/jake/app/views.py:29]
2015-07-16 12:52:19,180 INFO: time =12:53:00 [in /home/marty331/Python/jake/app/views.py:44]
2015-07-16 12:52:19,181 INFO: time =12:53 pm [in /home/marty331/Python/jake/app/views.py:46]
2015-07-16 12:52:19,181 INFO: time =12:53 value =[u'Tue', u'Wed'] [in /home/marty331/Python/jake/app/views.py:51]
2015-07-16 12:52:19,181 INFO: [u'Tue', u'Wed'] [in /home/marty331/Python/jake/app/views.py:52]
2015-07-16 12:52:19,181 INFO: first days =Tue, Wed [in /home/marty331/Python/jake/app/views.py:57]
2015-07-16 12:52:19,181 INFO: last days =Tue, Wed [in /home/marty331/Python/jake/app/views.py:62]
2015-07-16 12:52:19,181 INFO: soundlist =frog.mp3 [in /home/marty331/Python/jake/app/views.py:74]
2015-07-16 12:52:19,226 INFO: index clicked [in /home/marty331/Python/jake/app/views.py:29]
2015-07-16 12:57:11,662 INFO: microblog startup [in /home/marty331/Python/jake/app/__init__.py:32]
2015-07-16 12:58:12,056 INFO: microblog startup [in /home/marty331/Python/jake/app/__init__.py:32]
2015-07-16 12:58:27,783 INFO: index clicked [in /home/marty331/Python/jake/app/views.py:29]
2015-07-16 12:58:27,786 INFO: time =12:59:00 [in /home/marty331/Python/jake/app/views.py:44]
2015-07-16 12:58:27,786 INFO: time =12:59 pm [in /home/marty331/Python/jake/app/views.py:46]
2015-07-16 12:58:27,787 INFO: time =12:59 value =[u'Tue', u'Wed', u'Thu', u'Fri'] [in /home/marty331/Python/jake/app/views.py:51]
2015-07-16 12:58:27,787 INFO: [u'Tue', u'Wed', u'Thu', u'Fri'] [in /home/marty331/Python/jake/app/views.py:52]
2015-07-16 12:59:44,574 INFO: microblog startup [in /home/marty331/Python/jake/app/__init__.py:32]
2015-07-16 12:59:49,059 INFO: index clicked [in /home/marty331/Python/jake/app/views.py:29]
2015-07-16 13:00:04,116 INFO: index clicked [in /home/marty331/Python/jake/app/views.py:29]
2015-07-16 13:00:04,117 INFO: time =13:01:00 [in /home/marty331/Python/jake/app/views.py:44]
2015-07-16 13:00:04,118 INFO: time =01:01 pm [in /home/marty331/Python/jake/app/views.py:46]
2015-07-16 13:00:04,118 INFO: time =13:01 value =[u'Wed', u'Thu', u'Fri'] [in /home/marty331/Python/jake/app/views.py:51]
2015-07-16 13:00:04,118 INFO: [u'Wed', u'Thu', u'Fri'] [in /home/marty331/Python/jake/app/views.py:52]
2015-07-16 13:00:04,118 INFO: day =[3, 4, 5] [in /home/marty331/Python/jake/app/views.py:68]
2015-07-16 13:00:33,948 INFO: microblog startup [in /home/marty331/Python/jake/app/__init__.py:32]
2015-07-16 13:00:36,948 INFO: index clicked [in /home/marty331/Python/jake/app/views.py:29]
2015-07-16 13:00:49,386 INFO: index clicked [in /home/marty331/Python/jake/app/views.py:29]
2015-07-16 13:00:49,387 INFO: time =13:01:00 [in /home/marty331/Python/jake/app/views.py:44]
2015-07-16 13:00:49,387 INFO: time =01:01 pm [in /home/marty331/Python/jake/app/views.py:46]
2015-07-16 13:00:49,387 INFO: time =13:01 value =[u'Wed', u'Thu', u'Fri'] [in /home/marty331/Python/jake/app/views.py:51]
2015-07-16 13:00:49,387 INFO: [u'Wed', u'Thu', u'Fri'] [in /home/marty331/Python/jake/app/views.py:52]
2015-07-16 13:00:49,388 INFO: day =[3, 4, 5] [in /home/marty331/Python/jake/app/views.py:68]
2015-07-16 13:00:49,388 INFO: soundlist =frog.mp3 [in /home/marty331/Python/jake/app/views.py:83]
2015-07-16 13:02:21,496 INFO: microblog startup [in /home/marty331/Python/jake/app/__init__.py:32]
2015-07-16 13:02:27,094 INFO: index clicked [in /home/marty331/Python/jake/app/views.py:29]
2015-07-16 13:02:38,562 INFO: index clicked [in /home/marty331/Python/jake/app/views.py:29]
2015-07-16 13:02:38,563 INFO: time =13:03:00 [in /home/marty331/Python/jake/app/views.py:44]
2015-07-16 13:02:38,564 INFO: time =01:03 pm [in /home/marty331/Python/jake/app/views.py:46]
2015-07-16 13:02:38,564 INFO: time =13:03 value =[u'Wed', u'Thu', u'Fri'] [in /home/marty331/Python/jake/app/views.py:51]
2015-07-16 13:02:38,564 INFO: [u'Wed', u'Thu', u'Fri'] [in /home/marty331/Python/jake/app/views.py:52]
2015-07-16 13:02:38,564 INFO: day =[3, 4, 5] [in /home/marty331/Python/jake/app/views.py:68]
2015-07-16 13:02:38,564 INFO: soundlist =frog.mp3 [in /home/marty331/Python/jake/app/views.py:83]
2015-07-16 13:06:25,509 INFO: microblog startup [in /home/marty331/Python/jake/app/__init__.py:32]
2015-07-16 13:06:35,550 INFO: index clicked [in /home/marty331/Python/jake/app/views.py:29]
2015-07-16 13:06:44,632 INFO: index clicked [in /home/marty331/Python/jake/app/views.py:29]
2015-07-16 13:06:44,633 INFO: time =01:00:00 [in /home/marty331/Python/jake/app/views.py:44]
2015-07-16 13:06:44,633 INFO: time =01:00 am [in /home/marty331/Python/jake/app/views.py:46]
2015-07-16 13:06:44,633 INFO: time =01:00 value =[u'Wed', u'Thu', u'Fri'] [in /home/marty331/Python/jake/app/views.py:51]
2015-07-16 13:06:44,634 INFO: [u'Wed', u'Thu', u'Fri'] [in /home/marty331/Python/jake/app/views.py:52]
2015-07-16 13:06:44,634 INFO: day =[3, 4, 5] [in /home/marty331/Python/jake/app/views.py:68]
2015-07-16 13:06:44,634 INFO: soundlist =frog.mp3 [in /home/marty331/Python/jake/app/views.py:83]
2015-07-16 13:06:44,685 INFO: index clicked [in /home/marty331/Python/jake/app/views.py:29]
2015-07-16 13:07:39,968 INFO: microblog startup [in /home/marty331/Python/jake/app/__init__.py:32]
2015-07-16 13:08:00,228 INFO: index clicked [in /home/marty331/Python/jake/app/views.py:29]
2015-07-16 13:08:00,231 INFO: time =01:00:00 [in /home/marty331/Python/jake/app/views.py:44]
2015-07-16 13:08:00,231 INFO: time =01:00 am [in /home/marty331/Python/jake/app/views.py:46]
2015-07-16 13:08:00,232 INFO: time =01:00 value =[u'Tue', u'Wed', u'Thu', u'Fri'] [in /home/marty331/Python/jake/app/views.py:51]
2015-07-16 13:08:00,232 INFO: [u'Tue', u'Wed', u'Thu', u'Fri'] [in /home/marty331/Python/jake/app/views.py:52]
2015-07-16 13:08:00,232 INFO: day =['SUN', 'MON'] [in /home/marty331/Python/jake/app/views.py:69]
2015-07-16 13:08:00,232 INFO: soundlist =frog.mp3 [in /home/marty331/Python/jake/app/views.py:84]
2015-07-16 13:08:00,297 INFO: index clicked [in /home/marty331/Python/jake/app/views.py:29]
2015-07-16 13:13:10,273 INFO: microblog startup [in /home/marty331/Python/jake/app/__init__.py:32]
2015-07-16 13:13:23,682 INFO: index clicked [in /home/marty331/Python/jake/app/views.py:29]
2015-07-16 13:13:23,684 INFO: time =01:00:00 [in /home/marty331/Python/jake/app/views.py:44]
2015-07-16 13:13:23,685 INFO: time =01:00 am [in /home/marty331/Python/jake/app/views.py:46]
2015-07-16 13:13:23,685 INFO: time =01:00 value =[u'Mon', u'Tue', u'Thu'] [in /home/marty331/Python/jake/app/views.py:51]
2015-07-16 13:13:23,685 INFO: [u'Mon', u'Tue', u'Thu'] [in /home/marty331/Python/jake/app/views.py:52]
2015-07-16 13:13:23,685 INFO: day =['SUN', 'MON'] [in /home/marty331/Python/jake/app/views.py:69]
2015-07-16 13:13:23,685 INFO: soundlist =frog.mp3 [in /home/marty331/Python/jake/app/views.py:84]
2015-07-16 13:14:59,834 INFO: microblog startup [in /home/marty331/Python/jake/app/__init__.py:32]
2015-07-16 13:15:04,998 INFO: index clicked [in /home/marty331/Python/jake/app/views.py:29]
2015-07-16 13:15:14,500 INFO: index clicked [in /home/marty331/Python/jake/app/views.py:29]
2015-07-16 13:15:14,501 INFO: time =01:00:00 [in /home/marty331/Python/jake/app/views.py:44]
2015-07-16 13:15:14,502 INFO: time =01:00 am [in /home/marty331/Python/jake/app/views.py:46]
2015-07-16 13:15:14,502 INFO: time =01:00 value =[u'Wed', u'Thu', u'Fri'] [in /home/marty331/Python/jake/app/views.py:51]
2015-07-16 13:15:14,502 INFO: [u'Wed', u'Thu', u'Fri'] [in /home/marty331/Python/jake/app/views.py:52]
2015-07-16 13:15:14,502 INFO: day =['WED', 'THU', 'FRI'] [in /home/marty331/Python/jake/app/views.py:69]
2015-07-16 13:15:14,502 INFO: soundlist =frog.mp3 [in /home/marty331/Python/jake/app/views.py:84]
2015-07-16 13:15:14,570 INFO: index clicked [in /home/marty331/Python/jake/app/views.py:29]
2015-07-16 13:15:55,256 INFO: microblog startup [in /home/marty331/Python/jake/app/__init__.py:32]
2015-07-16 13:16:06,607 INFO: index clicked [in /home/marty331/Python/jake/app/views.py:29]
2015-07-16 13:16:06,609 INFO: time =01:00:00 [in /home/marty331/Python/jake/app/views.py:44]
2015-07-16 13:16:06,610 INFO: time =01:00 am [in /home/marty331/Python/jake/app/views.py:46]
2015-07-16 13:16:06,610 INFO: time =01:00 value =[u'Wed', u'Thu', u'Fri'] [in /home/marty331/Python/jake/app/views.py:51]
2015-07-16 13:16:06,610 INFO: [u'Wed', u'Thu', u'Fri'] [in /home/marty331/Python/jake/app/views.py:52]
2015-07-16 13:16:06,610 INFO: day =['WED', 'THU', 'FRI'] [in /home/marty331/Python/jake/app/views.py:69]
2015-07-16 13:16:06,610 INFO: soundlist =frog.mp3 [in /home/marty331/Python/jake/app/views.py:84]
2015-07-16 13:16:06,686 INFO: index clicked [in /home/marty331/Python/jake/app/views.py:29]
2015-07-16 13:23:19,018 INFO: microblog startup [in /home/marty331/Python/jake/app/__init__.py:32]
2015-07-16 13:23:44,714 INFO: index clicked [in /home/marty331/Python/jake/app/views.py:29]
2015-07-16 13:23:44,716 INFO: time =01:01:00 [in /home/marty331/Python/jake/app/views.py:44]
2015-07-16 13:23:44,717 INFO: time =01:01 am [in /home/marty331/Python/jake/app/views.py:46]
2015-07-16 13:23:44,717 INFO: time =01:01 value =[u'Mon', u'Tue', u'Wed', u'Thu'] [in /home/marty331/Python/jake/app/views.py:51]
2015-07-16 13:23:44,717 INFO: [u'Mon', u'Tue', u'Wed', u'Thu'] [in /home/marty331/Python/jake/app/views.py:52]
2015-07-16 13:23:44,717 INFO: day =['MON', 'TUE', 'WED', 'THU'] [in /home/marty331/Python/jake/app/views.py:69]
2015-07-16 13:23:44,717 INFO: soundlist =frog.mp3 [in /home/marty331/Python/jake/app/views.py:84]
2015-07-16 13:24:04,361 INFO: microblog startup [in /home/marty331/Python/jake/app/__init__.py:32]
2015-07-16 13:24:27,922 INFO: index clicked [in /home/marty331/Python/jake/app/views.py:29]
2015-07-16 13:24:36,572 INFO: index clicked [in /home/marty331/Python/jake/app/views.py:29]
2015-07-16 13:24:36,573 INFO: time =01:00:00 [in /home/marty331/Python/jake/app/views.py:44]
2015-07-16 13:24:36,573 INFO: time =01:00 am [in /home/marty331/Python/jake/app/views.py:46]
2015-07-16 13:24:36,573 INFO: time =01:00 value =[u'Tue', u'Wed', u'Thu'] [in /home/marty331/Python/jake/app/views.py:51]
2015-07-16 13:24:36,573 INFO: [u'Tue', u'Wed', u'Thu'] [in /home/marty331/Python/jake/app/views.py:52]
2015-07-16 13:24:36,573 INFO: day =['TUE', 'WED', 'THU'] [in /home/marty331/Python/jake/app/views.py:69]
2015-07-16 13:24:36,573 INFO: soundlist =frog.mp3 [in /home/marty331/Python/jake/app/views.py:84]
2015-07-16 13:26:21,020 INFO: microblog startup [in /home/marty331/Python/jake/app/__init__.py:32]
2015-07-16 14:45:50,089 INFO: microblog startup [in /home/marty331/Python/jake/app/__init__.py:32]
2015-07-16 14:45:50,260 INFO: microblog startup [in /home/marty331/Python/jake/app/__init__.py:32]
2015-07-16 14:45:54,841 INFO: index clicked [in /home/marty331/Python/jake/app/views.py:29]
2015-07-16 14:46:10,499 INFO: index clicked [in /home/marty331/Python/jake/app/views.py:29]
2015-07-16 14:46:10,499 INFO: time =14:47:00 [in /home/marty331/Python/jake/app/views.py:44]
2015-07-16 14:46:10,499 INFO: time =02:47 pm [in /home/marty331/Python/jake/app/views.py:46]
2015-07-16 14:46:10,499 INFO: time =14:47 value =[u'Mon', u'Tue', u'Wed', u'Thu', u'Fri'] [in /home/marty331/Python/jake/app/views.py:51]
2015-07-16 14:46:10,500 INFO: [u'Mon', u'Tue', u'Wed', u'Thu', u'Fri'] [in /home/marty331/Python/jake/app/views.py:52]
2015-07-16 14:46:10,500 INFO: day =['MON', 'TUE', 'WED', 'THU', 'FRI'] [in /home/marty331/Python/jake/app/views.py:69]
2015-07-16 14:46:10,500 INFO: soundlist =frog.mp3 [in /home/marty331/Python/jake/app/views.py:84]
2015-07-16 14:46:10,549 INFO: index clicked [in /home/marty331/Python/jake/app/views.py:29]
2015-07-16 14:52:27,994 INFO: index clicked [in /home/marty331/Python/jake/app/views.py:29]
2015-07-16 18:13:06,145 INFO: index clicked [in /home/marty331/Python/jake/app/views.py:29]
